This is pdfTeX, Version 3.141592653-2.6-1.40.23 (TeX Live 2022/dev) (preloaded format=pdflatex 2021.11.15)  15 NOV 2021 12:33
entering extended mode
 restricted \write18 enabled.
 %&-line parsing enabled.
**Caldwell_Twomey_PRR.tex
(./Caldwell_Twomey_PRR.tex
LaTeX2e <2021-11-15>
L3 programming layer <2021-11-12> (./cik.cls
Document Class: cik 2005/12/01 v1.1 Standard LaTeX document class
(/Users/aaroncaldwell/Library/TinyTeX/texmf-dist/tex/latex/vruler/vruler.sty
2.3 <24/10/96>
    VRULER version 2.3 Octorber 1996 By Z Jiang
    University of New England, Australia
    Email: zhuhan@neumann.une.edu.au
)
(/Users/aaroncaldwell/Library/TinyTeX/texmf-dist/tex/latex/crop/crop.sty
Package: crop 2017/11/19 1.10 crop marks (mf)

(/Users/aaroncaldwell/Library/TinyTeX/texmf-dist/tex/generic/iftex/ifluatex.sty
Package: ifluatex 2019/10/25 v1.5 ifluatex legacy package. Use iftex instead.
(/Users/aaroncaldwell/Library/TinyTeX/texmf-dist/tex/generic/iftex/iftex.sty
Package: iftex 2020/03/06 v1.0d TeX engine tests
))
\stockwidth=\dimen143
\stockheight=\dimen144
\CROP@index=\count193

(/Users/aaroncaldwell/Library/TinyTeX/texmf-dist/tex/latex/graphics/color.sty
Package: color 2021/10/11 v1.3b Standard LaTeX Color (DPC)

(/Users/aaroncaldwell/Library/TinyTeX/texmf-dist/tex/latex/graphics-cfg/color.c
fg
File: color.cfg 2016/01/02 v1.6 sample color configuration
)
Package color Info: Driver file: pdftex.def on input line 149.

(/Users/aaroncaldwell/Library/TinyTeX/texmf-dist/tex/latex/graphics-def/pdftex.
def
File: pdftex.def 2020/10/05 v1.2a Graphics/color driver for pdftex
))
(/Users/aaroncaldwell/Library/TinyTeX/texmf-dist/tex/latex/graphics/graphics.st
y
Package: graphics 2021/03/04 v1.4d Standard LaTeX Graphics (DPC,SPQR)
 (/Users/aaroncaldwell/Library/TinyTeX/texmf-dist/tex/latex/graphics/trig.sty
Package: trig 2021/08/11 v1.11 sin cos tan (DPC)
)
(/Users/aaroncaldwell/Library/TinyTeX/texmf-dist/tex/latex/graphics-cfg/graphic
s.cfg
File: graphics.cfg 2016/06/04 v1.11 sample graphics configuration
)
Package graphics Info: Driver file: pdftex.def on input line 107.
)
\CROP@offset=\count194
Package crop Info: Local config file crop.cfg used on input line 622.

(/Users/aaroncaldwell/Library/TinyTeX/texmf-dist/tex/xelatex/xetexconfig/crop.c
fg))
(/Users/aaroncaldwell/Library/TinyTeX/texmf-dist/tex/latex/amsmath/amsmath.sty
Package: amsmath 2021/10/15 v2.17l AMS math features
\@mathmargin=\skip47

For additional information on amsmath, use the `?' option.
(/Users/aaroncaldwell/Library/TinyTeX/texmf-dist/tex/latex/amsmath/amstext.sty
Package: amstext 2021/08/26 v2.01 AMS text

(/Users/aaroncaldwell/Library/TinyTeX/texmf-dist/tex/latex/amsmath/amsgen.sty
File: amsgen.sty 1999/11/30 v2.0 generic functions
\@emptytoks=\toks33
\ex@=\dimen145
)) (/Users/aaroncaldwell/Library/TinyTeX/texmf-dist/tex/latex/amsmath/amsbsy.st
y
Package: amsbsy 1999/11/29 v1.2d Bold Symbols
\pmbraise@=\dimen146
) (/Users/aaroncaldwell/Library/TinyTeX/texmf-dist/tex/latex/amsmath/amsopn.sty
Package: amsopn 2021/08/26 v2.02 operator names
)
\inf@bad=\count195
LaTeX Info: Redefining \frac on input line 234.
\uproot@=\count196
\leftroot@=\count197
LaTeX Info: Redefining \overline on input line 399.
\classnum@=\count198
\DOTSCASE@=\count199
LaTeX Info: Redefining \ldots on input line 496.
LaTeX Info: Redefining \dots on input line 499.
LaTeX Info: Redefining \cdots on input line 620.
\Mathstrutbox@=\box56
\strutbox@=\box57
\big@size=\dimen147
LaTeX Font Info:    Redeclaring font encoding OML on input line 743.
LaTeX Font Info:    Redeclaring font encoding OMS on input line 744.
\macc@depth=\count266
\c@MaxMatrixCols=\count267
\dotsspace@=\muskip16
\c@parentequation=\count268
\dspbrk@lvl=\count269
\tag@help=\toks34
\row@=\count270
\column@=\count271
\maxfields@=\count272
\andhelp@=\toks35
\eqnshift@=\dimen148
\alignsep@=\dimen149
\tagshift@=\dimen150
\tagwidth@=\dimen151
\totwidth@=\dimen152
\lineht@=\dimen153
\@envbody=\toks36
\multlinegap=\skip48
\multlinetaggap=\skip49
\mathdisplay@stack=\toks37
LaTeX Info: Redefining \[ on input line 2938.
LaTeX Info: Redefining \] on input line 2939.
)
(/Users/aaroncaldwell/Library/TinyTeX/texmf-dist/tex/latex/amsfonts/amssymb.sty
Package: amssymb 2013/01/14 v3.01 AMS font symbols

(/Users/aaroncaldwell/Library/TinyTeX/texmf-dist/tex/latex/amsfonts/amsfonts.st
y
Package: amsfonts 2013/01/14 v3.01 Basic AMSFonts support
\symAMSa=\mathgroup4
\symAMSb=\mathgroup5
LaTeX Font Info:    Redeclaring math symbol \hbar on input line 98.
LaTeX Font Info:    Overwriting math alphabet `\mathfrak' in version `bold'
(Font)                  U/euf/m/n --> U/euf/b/n on input line 106.
)) (/Users/aaroncaldwell/Library/TinyTeX/texmf-dist/tex/latex/amscls/upref.sty
Package: upref 2007/03/14 v2.04
)
(/Users/aaroncaldwell/Library/TinyTeX/texmf-dist/tex/latex/endnotes/endnotes.st
y
Package: endnotes 2020-01-02 endnotes package
\c@endnote=\count273
\endnotesep=\dimen154
\@enotes=\write3
) (/Users/aaroncaldwell/Library/TinyTeX/texmf-dist/tex/latex/amscls/amsthm.sty
Package: amsthm 2020/05/29 v2.20.6
\thm@style=\toks38
\thm@bodyfont=\toks39
\thm@headfont=\toks40
\thm@notefont=\toks41
\thm@headpunct=\toks42
\thm@preskip=\skip50
\thm@postskip=\skip51
\thm@headsep=\skip52
\dth@everypar=\toks43
)
(/Users/aaroncaldwell/Library/TinyTeX/texmf-dist/tex/latex/marginnote/marginnot
e.sty
Package: marginnote 2018/08/09 v1.4b non floating margin notes for LaTeX
\c@mn@abspage=\count274
)
(/Users/aaroncaldwell/Library/TinyTeX/texmf-dist/tex/generic/soul/soul.sty
Package: soul 2003/11/17 v2.4 letterspacing/underlining (mf)
\SOUL@word=\toks44
\SOUL@lasttoken=\toks45
\SOUL@cmds=\toks46
\SOUL@buffer=\toks47
\SOUL@token=\toks48
\SOUL@spaceskip=\skip53
\SOUL@ttwidth=\dimen155
\SOUL@uldp=\dimen156
\SOUL@ulht=\dimen157
)
(/Users/aaroncaldwell/Library/TinyTeX/texmf-dist/tex/latex/graphics/graphicx.st
y
Package: graphicx 2021/09/16 v1.2d Enhanced LaTeX Graphics (DPC,SPQR)

(/Users/aaroncaldwell/Library/TinyTeX/texmf-dist/tex/latex/graphics/keyval.sty
Package: keyval 2014/10/28 v1.15 key=value parser (DPC)
\KV@toks@=\toks49
)
\Gin@req@height=\dimen158
\Gin@req@width=\dimen159
)
(/Users/aaroncaldwell/Library/TinyTeX/texmf-dist/tex/latex/graphics/rotating.st
y
Package: rotating 2016/08/11 v2.16d rotated objects in LaTeX
 (/Users/aaroncaldwell/Library/TinyTeX/texmf-dist/tex/latex/base/ifthen.sty
Package: ifthen 2020/11/24 v1.1c Standard LaTeX ifthen package (DPC)
)
\c@r@tfl@t=\count275
\rotFPtop=\skip54
\rotFPbot=\skip55
\rot@float@box=\box58
\rot@mess@toks=\toks50
)
(/Users/aaroncaldwell/Library/TinyTeX/texmf-dist/tex/latex/tools/dcolumn.sty
Package: dcolumn 2014/10/28 v1.06 decimal alignment package (DPC)

(/Users/aaroncaldwell/Library/TinyTeX/texmf-dist/tex/latex/tools/array.sty
Package: array 2021/10/04 v2.5f Tabular extension package (FMi)
\col@sep=\dimen160
\ar@mcellbox=\box59
\extrarowheight=\dimen161
\NC@list=\toks51
\extratabsurround=\skip56
\backup@length=\skip57
\ar@cellbox=\box60
))
(/Users/aaroncaldwell/Library/TinyTeX/texmf-dist/tex/latex/base/fontenc.sty
Package: fontenc 2021/04/29 v2.0v Standard LaTeX package
)
(/Users/aaroncaldwell/Library/TinyTeX/texmf-dist/tex/latex/psnfss/palatino.sty
Package: palatino 2020/03/25 PSNFSS-v9.3 (SPQR) 
) (/Users/aaroncaldwell/Library/TinyTeX/texmf-dist/tex/latex/psnfss/helvet.sty
Package: helvet 2020/03/25 PSNFSS-v9.3 (WaS) 
)
(/Users/aaroncaldwell/Library/TinyTeX/texmf-dist/tex/latex/geometry/geometry.st
y
Package: geometry 2020/01/02 v5.9 Page Geometry
 (/Users/aaroncaldwell/Library/TinyTeX/texmf-dist/tex/generic/iftex/ifvtex.sty
Package: ifvtex 2019/10/25 v1.7 ifvtex legacy package. Use iftex instead.
)
\Gm@cnth=\count276
\Gm@cntv=\count277
\c@Gm@tempcnt=\count278
\Gm@bindingoffset=\dimen162
\Gm@wd@mp=\dimen163
\Gm@odd@mp=\dimen164
\Gm@even@mp=\dimen165
\Gm@layoutwidth=\dimen166
\Gm@layoutheight=\dimen167
\Gm@layouthoffset=\dimen168
\Gm@layoutvoffset=\dimen169
\Gm@dimlist=\toks52
)
\catchlinewd=\dimen170
\dcht=\dimen171
\frametextht=\dimen172
\myrunhwidth=\skip58
LaTeX Font Info:    Trying to load font information for T1+phv on input line 48
0.
 (/Users/aaroncaldwell/Library/TinyTeX/texmf-dist/tex/latex/psnfss/t1phv.fd
File: t1phv.fd 2020/03/25 scalable font definitions for T1/phv.
)
LaTeX Font Info:    Font shape `T1/phv/m/n' will be
(Font)              scaled to size 9.35007pt on input line 480.
\c@part=\count279
\c@section=\count280
\c@subsection=\count281
\c@subsubsection=\count282
\c@paragraph=\count283
\c@subparagraph=\count284
\c@figure=\count285
\c@scheme=\count286
\c@table=\count287
\abovecaptionskip=\skip59
\belowcaptionskip=\skip60
\leftnoteskip=\dimen173

(/Users/aaroncaldwell/Library/TinyTeX/texmf-dist/tex/latex/colortbl/colortbl.st
y
Package: colortbl 2020/01/04 v1.0e Color table columns (DPC)
\everycr=\toks53
\minrowclearance=\skip61
)
\bibindent=\dimen174
\absbox=\box61
\fmtextbox=\box62
\c@mythm=\count288
\rotdimen=\dimen175
\symEulerExtension=\mathgroup6
LaTeX Font Info:    Redeclaring math symbol \intop on input line 1478.
LaTeX Font Info:    Redeclaring math symbol \ointop on input line 1479.
\eqntext=\dimen176
 (/Users/aaroncaldwell/Library/TinyTeX/texmf-dist/tex/latex/natbib/natbib.sty
Package: natbib 2010/09/13 8.31b (PWD, AO)
\bibhang=\skip62
\bibsep=\skip63
LaTeX Info: Redefining \cite on input line 694.
\c@NAT@ctr=\count289
)
(/Users/aaroncaldwell/Library/TinyTeX/texmf-dist/tex/latex/hyperref/hyperref.st
y
Package: hyperref 2021-06-07 v7.00m Hypertext links for LaTeX

(/Users/aaroncaldwell/Library/TinyTeX/texmf-dist/tex/generic/ltxcmds/ltxcmds.st
y
Package: ltxcmds 2020-05-10 v1.25 LaTeX kernel commands for general use (HO)
)
(/Users/aaroncaldwell/Library/TinyTeX/texmf-dist/tex/generic/pdftexcmds/pdftexc
mds.sty
Package: pdftexcmds 2020-06-27 v0.33 Utility functions of pdfTeX for LuaTeX (HO
)

(/Users/aaroncaldwell/Library/TinyTeX/texmf-dist/tex/generic/infwarerr/infwarer
r.sty
Package: infwarerr 2019/12/03 v1.5 Providing info/warning/error messages (HO)
)
Package pdftexcmds Info: \pdf@primitive is available.
Package pdftexcmds Info: \pdf@ifprimitive is available.
Package pdftexcmds Info: \pdfdraftmode found.
)
(/Users/aaroncaldwell/Library/TinyTeX/texmf-dist/tex/generic/kvsetkeys/kvsetkey
s.sty
Package: kvsetkeys 2019/12/15 v1.18 Key value parser (HO)
)
(/Users/aaroncaldwell/Library/TinyTeX/texmf-dist/tex/generic/kvdefinekeys/kvdef
inekeys.sty
Package: kvdefinekeys 2019-12-19 v1.6 Define keys (HO)
)
(/Users/aaroncaldwell/Library/TinyTeX/texmf-dist/tex/generic/pdfescape/pdfescap
e.sty
Package: pdfescape 2019/12/09 v1.15 Implements pdfTeX's escape features (HO)
)
(/Users/aaroncaldwell/Library/TinyTeX/texmf-dist/tex/latex/hycolor/hycolor.sty
Package: hycolor 2020-01-27 v1.10 Color options for hyperref/bookmark (HO)
)
(/Users/aaroncaldwell/Library/TinyTeX/texmf-dist/tex/latex/letltxmacro/letltxma
cro.sty
Package: letltxmacro 2019/12/03 v1.6 Let assignment for LaTeX macros (HO)
)
(/Users/aaroncaldwell/Library/TinyTeX/texmf-dist/tex/latex/auxhook/auxhook.sty
Package: auxhook 2019-12-17 v1.6 Hooks for auxiliary files (HO)
)
(/Users/aaroncaldwell/Library/TinyTeX/texmf-dist/tex/latex/kvoptions/kvoptions.
sty
Package: kvoptions 2020-10-07 v3.14 Key value format for package options (HO)
)
\@linkdim=\dimen177
\Hy@linkcounter=\count290
\Hy@pagecounter=\count291

(/Users/aaroncaldwell/Library/TinyTeX/texmf-dist/tex/latex/hyperref/pd1enc.def
File: pd1enc.def 2021-06-07 v7.00m Hyperref: PDFDocEncoding definition (HO)
Now handling font encoding PD1 ...
... no UTF-8 mapping file for font encoding PD1
)
(/Users/aaroncaldwell/Library/TinyTeX/texmf-dist/tex/latex/hyperref/hyperref-la
ngpatches.def
File: hyperref-langpatches.def 2021-06-07 v7.00m Hyperref: patches for babel la
nguages
)
(/Users/aaroncaldwell/Library/TinyTeX/texmf-dist/tex/generic/intcalc/intcalc.st
y
Package: intcalc 2019/12/15 v1.3 Expandable calculations with integers (HO)
)
(/Users/aaroncaldwell/Library/TinyTeX/texmf-dist/tex/generic/etexcmds/etexcmds.
sty
Package: etexcmds 2019/12/15 v1.7 Avoid name clashes with e-TeX commands (HO)
)
\Hy@SavedSpaceFactor=\count292

(/Users/aaroncaldwell/Library/TinyTeX/texmf-dist/tex/latex/hyperref/puenc.def
File: puenc.def 2021-06-07 v7.00m Hyperref: PDF Unicode definition (HO)
Now handling font encoding PU ...
... no UTF-8 mapping file for font encoding PU
)
Package hyperref Info: Option `bookmarksnumbered' set `true' on input line 4073
.
Package hyperref Info: Option `raiselinks' set `true' on input line 4073.
Package hyperref Info: Option `breaklinks' set `true' on input line 4073.
Package hyperref Info: Hyper figures OFF on input line 4192.
Package hyperref Info: Link nesting OFF on input line 4197.
Package hyperref Info: Hyper index ON on input line 4200.
Package hyperref Info: Plain pages OFF on input line 4207.
Package hyperref Info: Backreferencing OFF on input line 4212.
Package hyperref Info: Implicit mode ON; LaTeX internals redefined.
Package hyperref Info: Bookmarks ON on input line 4445.
\c@Hy@tempcnt=\count293

(/Users/aaroncaldwell/Library/TinyTeX/texmf-dist/tex/latex/url/url.sty
\Urlmuskip=\muskip17
Package: url 2013/09/16  ver 3.4  Verb mode for urls, etc.
)
LaTeX Info: Redefining \url on input line 4804.
\XeTeXLinkMargin=\dimen178

(/Users/aaroncaldwell/Library/TinyTeX/texmf-dist/tex/generic/bitset/bitset.sty
Package: bitset 2019/12/09 v1.3 Handle bit-vector datatype (HO)

(/Users/aaroncaldwell/Library/TinyTeX/texmf-dist/tex/generic/bigintcalc/bigintc
alc.sty
Package: bigintcalc 2019/12/15 v1.5 Expandable calculations on big integers (HO
)
))
\Fld@menulength=\count294
\Field@Width=\dimen179
\Fld@charsize=\dimen180
Package hyperref Info: Hyper figures OFF on input line 6076.
Package hyperref Info: Link nesting OFF on input line 6081.
Package hyperref Info: Hyper index ON on input line 6084.
Package hyperref Info: backreferencing OFF on input line 6091.
Package hyperref Info: Link coloring OFF on input line 6096.
Package hyperref Info: Link coloring with OCG OFF on input line 6101.
Package hyperref Info: PDF/A mode OFF on input line 6106.
LaTeX Info: Redefining \ref on input line 6146.
LaTeX Info: Redefining \pageref on input line 6150.

(/Users/aaroncaldwell/Library/TinyTeX/texmf-dist/tex/latex/base/atbegshi-ltx.st
y
Package: atbegshi-ltx 2021/01/10 v1.0c Emulation of the original atbegshi
package with kernel methods
)
\Hy@abspage=\count295
\c@Item=\count296
\c@Hfootnote=\count297
)
Package hyperref Info: Driver (autodetected): hpdftex.

(/Users/aaroncaldwell/Library/TinyTeX/texmf-dist/tex/latex/hyperref/hpdftex.def
File: hpdftex.def 2021-06-07 v7.00m Hyperref driver for pdfTeX

(/Users/aaroncaldwell/Library/TinyTeX/texmf-dist/tex/latex/base/atveryend-ltx.s
ty
Package: atveryend-ltx 2020/08/19 v1.0a Emulation of the original atveryend pac
kage
with kernel methods
)
\Fld@listcount=\count298
\c@bookmark@seq@number=\count299

(/Users/aaroncaldwell/Library/TinyTeX/texmf-dist/tex/latex/rerunfilecheck/rerun
filecheck.sty
Package: rerunfilecheck 2019/12/05 v1.9 Rerun checks for auxiliary files (HO)

(/Users/aaroncaldwell/Library/TinyTeX/texmf-dist/tex/generic/uniquecounter/uniq
uecounter.sty
Package: uniquecounter 2019/12/15 v1.4 Provide unlimited unique counter (HO)
)
Package uniquecounter Info: New unique counter `rerunfilecheck' on input line 2
86.
)
\Hy@SectionHShift=\skip64
)
Package hyperref Info: Option `colorlinks' set `true' on input line 1555.
)
(/Users/aaroncaldwell/Library/TinyTeX/texmf-dist/tex/latex/base/fontenc.sty
Package: fontenc 2021/04/29 v2.0v Standard LaTeX package
LaTeX Font Info:    Trying to load font information for T1+ppl on input line 11
2.

(/Users/aaroncaldwell/Library/TinyTeX/texmf-dist/tex/latex/psnfss/t1ppl.fd
File: t1ppl.fd 2001/06/04 font definitions for T1/ppl.
))
(/Users/aaroncaldwell/Library/TinyTeX/texmf-dist/tex/latex/base/inputenc.sty
Package: inputenc 2021/02/14 v1.3d Input encoding file
\inpenc@prehook=\toks54
\inpenc@posthook=\toks55
)
\csllabelwidth=\skip65
\cslhangindent=\skip66

(/Users/aaroncaldwell/Library/TinyTeX/texmf-dist/tex/latex/tools/calc.sty
Package: calc 2017/05/25 v4.3 Infix arithmetic (KKT,FJ)
\calc@Acount=\count300
\calc@Bcount=\count301
\calc@Adimen=\dimen181
\calc@Bdimen=\dimen182
\calc@Askip=\skip67
\calc@Bskip=\skip68
LaTeX Info: Redefining \setlength on input line 80.
LaTeX Info: Redefining \addtolength on input line 81.
\calc@Ccount=\count302
\calc@Cskip=\skip69
)
(/Users/aaroncaldwell/Library/TinyTeX/texmf-dist/tex/latex/caption/caption.sty
Package: caption 2020/10/26 v3.5g Customizing captions (AR)

(/Users/aaroncaldwell/Library/TinyTeX/texmf-dist/tex/latex/caption/caption3.sty
Package: caption3 2020/10/21 v2.2e caption3 kernel (AR)
\captionmargin=\dimen183
\captionmargin@=\dimen184
\captionwidth=\dimen185
\caption@tempdima=\dimen186
\caption@indent=\dimen187
\caption@parindent=\dimen188
\caption@hangindent=\dimen189
Package caption Info: Unknown document class (or package),
(caption)             standard defaults will be used.
Package caption Info: \@makecaption = \long macro:#1#2->\vskip \abovecaptionski
p \sbox \@tempboxa {{\captionheadfont #1.}\hskip 2.5pt{\captionfont #2}}\ifdim 
\wd \@tempboxa <\hsize \global \@minipagefalse \hb@xt@ \hsize {\box \@tempboxa 
}\else \ifdim \wd \@tempboxa >1.99\hsize {{\captionheadfont #1.}\hskip 2.5pt {\
captionfont #2}\par } \else {{\captionheadfont #1.}\hskip 2.5pt {\captionfont #
2}\par } \fi \fi \vskip \belowcaptionskip  on input line 1139.
)

Package caption Warning: Unknown document class (or package),
(caption)                standard defaults will be used.
See the caption package documentation for explanation.

\c@caption@flags=\count303
\c@continuedfloat=\count304
Package caption Info: hyperref package is loaded.
Package caption Info: rotating package is loaded.
)
(/Users/aaroncaldwell/Library/TinyTeX/texmf-dist/tex/latex/booktabs/booktabs.st
y
Package: booktabs 2020/01/12 v1.61803398 Publication quality tables
\heavyrulewidth=\dimen190
\lightrulewidth=\dimen191
\cmidrulewidth=\dimen192
\belowrulesep=\dimen193
\belowbottomsep=\dimen194
\aboverulesep=\dimen195
\abovetopsep=\dimen196
\cmidrulesep=\dimen197
\cmidrulekern=\dimen198
\defaultaddspace=\dimen199
\@cmidla=\count305
\@cmidlb=\count306
\@aboverulesep=\dimen256
\@belowrulesep=\dimen257
\@thisruleclass=\count307
\@lastruleclass=\count308
\@thisrulewidth=\dimen258
)
(/Users/aaroncaldwell/Library/TinyTeX/texmf-dist/tex/latex/tools/longtable.sty
Package: longtable 2021-09-01 v4.17 Multi-page Table package (DPC)
\LTleft=\skip70
\LTright=\skip71
\LTpre=\skip72
\LTpost=\skip73
\LTchunksize=\count309
\LTcapwidth=\dimen259
\LT@head=\box63
\LT@firsthead=\box64
\LT@foot=\box65
\LT@lastfoot=\box66
\LT@gbox=\box67
\LT@cols=\count310
\LT@rows=\count311
\c@LT@tables=\count312
\c@LT@chunks=\count313
\LT@p@ftn=\toks56
)
(/Users/aaroncaldwell/Library/TinyTeX/texmf-dist/tex/latex/multirow/multirow.st
y
Package: multirow 2021/03/15 v2.8 Span multiple rows of a table
\multirow@colwidth=\skip74
\multirow@cntb=\count314
\multirow@dima=\skip75
\bigstrutjot=\dimen260
)
(/Users/aaroncaldwell/Library/TinyTeX/texmf-dist/tex/latex/wrapfig/wrapfig.sty
\wrapoverhang=\dimen261
\WF@size=\dimen262
\c@WF@wrappedlines=\count315
\WF@box=\box68
\WF@everypar=\toks57
Package: wrapfig 2003/01/31  v 3.6
) (/Users/aaroncaldwell/Library/TinyTeX/texmf-dist/tex/latex/float/float.sty
Package: float 2001/11/08 v1.3d Float enhancements (AL)
\c@float@type=\count316
\float@exts=\toks58
\float@box=\box69
\@float@everytoks=\toks59
\@floatcapt=\box70
)
(/Users/aaroncaldwell/Library/TinyTeX/texmf-dist/tex/latex/pdflscape/pdflscape.
sty
Package: pdflscape 2019/12/05 v0.12 Display of landscape pages in PDF (HO)

(/Users/aaroncaldwell/Library/TinyTeX/texmf-dist/tex/latex/graphics/lscape.sty
Package: lscape 2020/05/28 v3.02 Landscape Pages (DPC)
)
Package pdflscape Info: Auto-detected driver: pdftex on input line 81.
) (/Users/aaroncaldwell/Library/TinyTeX/texmf-dist/tex/latex/tabu/tabu.sty
Package: tabu 2019/01/11 v2.9 - flexible LaTeX tabulars (FC+tabu-fixed)

(/Users/aaroncaldwell/Library/TinyTeX/texmf-dist/tex/latex/varwidth/varwidth.st
y
Package: varwidth 2009/03/30 ver 0.92;  Variable-width minipages
\@vwid@box=\box71
\sift@deathcycles=\count317
\@vwid@loff=\dimen263
\@vwid@roff=\dimen264
)
\c@taburow=\count318
\tabu@nbcols=\count319
\tabu@cnt=\count320
\tabu@Xcol=\count321
\tabu@alloc=\count322
\tabu@nested=\count323
\tabu@target=\dimen265
\tabu@spreadtarget=\dimen266
\tabu@naturalX=\dimen267
\tabucolX=\dimen268
\tabu@Xsum=\dimen269
\extrarowdepth=\dimen270
\abovetabulinesep=\dimen271
\belowtabulinesep=\dimen272
\tabustrutrule=\dimen273
\tabu@thebody=\toks60
\tabu@footnotes=\toks61
\tabu@box=\box72
\tabu@arstrutbox=\box73
\tabu@hleads=\box74
\tabu@vleads=\box75
\tabu@cellskip=\skip76
)
(/Users/aaroncaldwell/Library/TinyTeX/texmf-dist/tex/latex/threeparttable/three
parttable.sty
Package: threeparttable 2003/06/13  v 3.0
\@tempboxb=\box76
)
(/Users/aaroncaldwell/Library/TinyTeX/texmf-dist/tex/latex/threeparttablex/thre
eparttablex.sty
Package: threeparttablex 2013/07/23 v0.3 by daleif

(/Users/aaroncaldwell/Library/TinyTeX/texmf-dist/tex/latex/environ/environ.sty
Package: environ 2014/05/04 v0.3 A new way to define environments

(/Users/aaroncaldwell/Library/TinyTeX/texmf-dist/tex/latex/trimspaces/trimspace
s.sty
Package: trimspaces 2009/09/17 v1.1 Trim spaces around a token list
))
\TPTL@width=\skip77
)
(/Users/aaroncaldwell/Library/TinyTeX/texmf-dist/tex/generic/ulem/ulem.sty
\UL@box=\box77
\UL@hyphenbox=\box78
\UL@skip=\skip78
\UL@hook=\toks62
\UL@height=\dimen274
\UL@pe=\count324
\UL@pixel=\dimen275
\ULC@box=\box79
Package: ulem 2019/11/18
\ULdepth=\dimen276
)
(/Users/aaroncaldwell/Library/TinyTeX/texmf-dist/tex/latex/makecell/makecell.st
y
Package: makecell 2009/08/03 V0.1e Managing of Tab Column Heads and Cells
\rotheadsize=\dimen277
\c@nlinenum=\count325
\TeXr@lab=\toks63
) (/Users/aaroncaldwell/Library/TinyTeX/texmf-dist/tex/latex/xcolor/xcolor.sty
Package: xcolor 2021/10/31 v2.13 LaTeX color extensions (UK)

(/Users/aaroncaldwell/Library/TinyTeX/texmf-dist/tex/latex/graphics-cfg/color.c
fg
File: color.cfg 2016/01/02 v1.6 sample color configuration
)
Package xcolor Info: Driver file: pdftex.def on input line 227.
LaTeX Info: Redefining \color on input line 711.
Package xcolor Info: Model `cmy' substituted by `cmy0' on input line 1352.
Package xcolor Info: Model `hsb' substituted by `rgb' on input line 1356.
Package xcolor Info: Model `RGB' extended on input line 1368.
Package xcolor Info: Model `HTML' substituted by `rgb' on input line 1370.
Package xcolor Info: Model `Hsb' substituted by `hsb' on input line 1371.
Package xcolor Info: Model `tHsb' substituted by `hsb' on input line 1372.
Package xcolor Info: Model `HSB' substituted by `hsb' on input line 1373.
Package xcolor Info: Model `Gray' substituted by `gray' on input line 1374.
Package xcolor Info: Model `wave' substituted by `hsb' on input line 1375.
)
\c@theorem=\count326
\c@condition=\count327
\c@corollary=\count328

(/Users/aaroncaldwell/Library/TinyTeX/texmf-dist/tex/latex/l3backend/l3backend-
pdftex.def
File: l3backend-pdftex.def 2021-10-18 L3 backend support: PDF output (pdfTeX)
\l__color_backend_stack_int=\count329
\l__pdf_internal_box=\box80
) (./Caldwell_Twomey_PRR.aux)
\openout1 = `Caldwell_Twomey_PRR.aux'.

LaTeX Font Info:    Checking defaults for OML/cmm/m/it on input line 66.
LaTeX Font Info:    ... okay on input line 66.
LaTeX Font Info:    Checking defaults for OMS/cmsy/m/n on input line 66.
LaTeX Font Info:    ... okay on input line 66.
LaTeX Font Info:    Checking defaults for OT1/cmr/m/n on input line 66.
LaTeX Font Info:    ... okay on input line 66.
LaTeX Font Info:    Checking defaults for T1/cmr/m/n on input line 66.
LaTeX Font Info:    ... okay on input line 66.
LaTeX Font Info:    Checking defaults for TS1/cmr/m/n on input line 66.
LaTeX Font Info:    ... okay on input line 66.
LaTeX Font Info:    Checking defaults for OMX/cmex/m/n on input line 66.
LaTeX Font Info:    ... okay on input line 66.
LaTeX Font Info:    Checking defaults for U/cmr/m/n on input line 66.
LaTeX Font Info:    ... okay on input line 66.
LaTeX Font Info:    Checking defaults for PD1/pdf/m/n on input line 66.
LaTeX Font Info:    ... okay on input line 66.
LaTeX Font Info:    Checking defaults for PU/pdf/m/n on input line 66.
LaTeX Font Info:    ... okay on input line 66.

(/Users/aaroncaldwell/Library/TinyTeX/texmf-dist/tex/latex/epstopdf-pkg/epstopd
f-base.sty
Package: epstopdf-base 2020-01-24 v2.11 Base part for package epstopdf
Package epstopdf-base Info: Redefining graphics rule for `.eps' on input line 4
85.

(/Users/aaroncaldwell/Library/TinyTeX/texmf-dist/tex/latex/latexconfig/epstopdf
-sys.cfg
File: epstopdf-sys.cfg 2010/07/13 v1.3 Configuration of (r)epstopdf for TeX Liv
e
))
Package crop Info: requested driver: `' on input line 66.
Package crop Info: detected driver: `pdftex' on input line 66.
Package crop Info: using `pdftex' graphics driver on input line 66.

*geometry* driver: auto-detecting
*geometry* detected driver: pdftex
*geometry* verbose mode - [ preamble ] result:
* driver: pdftex
* paper: a4paper
* layout: <same size as paper>
* layoutoffset:(h,v)=(0.0pt,0.0pt)
* modes: includehead includefoot 
* h-part:(L,W,R)=(89.62709pt, 418.25368pt, 89.6271pt)
* v-part:(T,H,B)=(78.24507pt, 688.5567pt, 78.24507pt)
* \paperwidth=597.50787pt
* \paperheight=845.04684pt
* \textwidth=418.25368pt
* \textheight=681.5567pt
* \oddsidemargin=17.3571pt
* \evensidemargin=17.3571pt
* \topmargin=5.97508pt
* \headheight=7.0pt
* \headsep=-5.0pt
* \topskip=5.0pt
* \footskip=5.0pt
* \marginparwidth=50.39996pt
* \marginparsep=5.0pt
* \columnsep=10.0pt
* \skip\footins=9.0pt plus 4.0pt minus 2.0pt
* \hoffset=0.0pt
* \voffset=0.0pt
* \mag=1000
* \@twocolumnfalse
* \@twosidefalse
* \@mparswitchfalse
* \@reversemarginfalse
* (1in=72.27pt=25.4mm, 1cm=28.453pt)

Package hyperref Info: Link coloring ON on input line 66.

(/Users/aaroncaldwell/Library/TinyTeX/texmf-dist/tex/latex/hyperref/nameref.sty
Package: nameref 2021-04-02 v2.47 Cross-referencing by name of section

(/Users/aaroncaldwell/Library/TinyTeX/texmf-dist/tex/latex/refcount/refcount.st
y
Package: refcount 2019/12/15 v3.6 Data extraction from label references (HO)
)
(/Users/aaroncaldwell/Library/TinyTeX/texmf-dist/tex/generic/gettitlestring/get
titlestring.sty
Package: gettitlestring 2019/12/15 v1.6 Cleanup title references (HO)
)
\c@section@level=\count330
)
LaTeX Info: Redefining \ref on input line 66.
LaTeX Info: Redefining \pageref on input line 66.
LaTeX Info: Redefining \nameref on input line 66.
 (./Caldwell_Twomey_PRR.out) (./Caldwell_Twomey_PRR.out)
\@outlinefile=\write4
\openout4 = `Caldwell_Twomey_PRR.out'.

Package caption Info: Begin \AtBeginDocument code.
Package caption Info: float package is loaded.
Package caption Info: longtable package is loaded.

(/Users/aaroncaldwell/Library/TinyTeX/texmf-dist/tex/latex/caption/ltcaption.st
y
Package: ltcaption 2020/05/30 v1.4b longtable captions (AR)
)
Package caption Info: threeparttable package is loaded.
Package caption Info: wrapfig package is loaded.
Package caption Info: End \AtBeginDocument code.

Underfull \hbox (badness 1742) in paragraph at lines 139--169
\T1/ppl/m/n/9 and poor re-port-ing prac-tices may be hin-der-ing sci-en-tific 
 []


Underfull \hbox (badness 1360) in paragraph at lines 139--169
\T1/ppl/m/n/9 to Ki-ne-si-ol-ogy, stud-ies that tested a hy-poth-e-sis in-di-ca
ted 
 []


Underfull \hbox (badness 2119) in paragraph at lines 139--169
\T1/ppl/m/n/9 sup-port for their pri-mary hy-poth-e-sis ~70% of the time. 
 []


Underfull \hbox (badness 1558) in paragraph at lines 139--169
\T1/ppl/m/n/9 with-out a stated hy-poth-e-sis still re-lied upon sig-nif-i-canc
e 
 []


Underfull \hbox (badness 1454) in paragraph at lines 139--169
\T1/ppl/m/n/9 test-ing. Over-all, the pos-i-tive re-sult rate in ki-ne-si-ol-og
y is 
 []

<rise.png, id=132, 271.0125pt x 90.3375pt>
File: rise.png Graphic file (type png)
<use rise.png>
Package pdftex.def Info: rise.png  used on input line 184.
(pdftex.def)             Requested size: 162.60875pt x 54.2029pt.

Overfull \hbox (14.2387pt too wide) in paragraph at lines 184--184
[][] 
 []

LaTeX Font Info:    Font shape `T1/phv/m/n' will be
(Font)              scaled to size 15.30011pt on input line 184.
LaTeX Font Info:    Font shape `T1/phv/b/n' will be
(Font)              scaled to size 5.95004pt on input line 184.
LaTeX Font Info:    Font shape `T1/phv/m/n' will be
(Font)              scaled to size 12.24008pt on input line 184.
<OpenAccesslogo_bw.pdf, id=134, 20.075pt x 32.12pt>
File: OpenAccesslogo_bw.pdf Graphic file (type pdf)
<use OpenAccesslogo_bw.pdf>
Package pdftex.def Info: OpenAccesslogo_bw.pdf  used on input line 184.
(pdftex.def)             Requested size: 20.07494pt x 32.1199pt.

Underfull \hbox (badness 2894) in paragraph at lines 184--184
\T1/ppl/m/n/7 Open-ness, and Repli-ca-tion in Ki-ne-si-ol-ogy
 []


Underfull \hbox (badness 10000) in paragraph at lines 184--184
\T1/ppl/m/n/7 At-tri-bu-tion Li-cense[][], which per-mits
 []


Underfull \hbox (badness 10000) in paragraph at lines 184--184
\T1/ppl/m/n/7 un-re-stricted use, pro-vided the orig-i-nal
 []

LaTeX Font Info:    Font shape `T1/phv/m/n' will be
(Font)              scaled to size 8.50006pt on input line 184.
LaTeX Font Info:    Font shape `T1/phv/b/n' will be
(Font)              scaled to size 8.50006pt on input line 184.
LaTeX Font Info:    Font shape `T1/phv/m/it' in size <10> not available
(Font)              Font shape `T1/phv/m/sl' tried instead on input line 184.
LaTeX Font Info:    Font shape `T1/phv/m/sl' will be
(Font)              scaled to size 8.50006pt on input line 184.
LaTeX Font Info:    Trying to load font information for U+msa on input line 184
.
(/Users/aaroncaldwell/Library/TinyTeX/texmf-dist/tex/latex/amsfonts/umsa.fd
File: umsa.fd 2013/01/14 v3.01 AMS symbols A
)
LaTeX Font Info:    Trying to load font information for U+msb on input line 184
.

(/Users/aaroncaldwell/Library/TinyTeX/texmf-dist/tex/latex/amsfonts/umsb.fd
File: umsb.fd 2013/01/14 v3.01 AMS symbols B
)
LaTeX Font Info:    Trying to load font information for U+euex on input line 18
4.

(/Users/aaroncaldwell/Library/TinyTeX/texmf-dist/tex/latex/amsfonts/ueuex.fd
File: ueuex.fd 2013/01/14 v3.01 Euler extra symbols
)
LaTeX Font Info:    Font shape `T1/phv/m/n' will be
(Font)              scaled to size 7.65005pt on input line 184.
LaTeX Font Info:    Trying to load font information for T1+pcr on input line 18
4.

(/Users/aaroncaldwell/Library/TinyTeX/texmf-dist/tex/latex/psnfss/t1pcr.fd
File: t1pcr.fd 2001/06/04 font definitions for T1/pcr.
)
<STORK_overlay_black.png, id=137, 1188.69093pt x 1043.39813pt>
File: STORK_overlay_black.png Graphic file (type png)
<use STORK_overlay_black.png>
Package pdftex.def Info: STORK_overlay_black.png  used on input line 184.
(pdftex.def)             Requested size: 534.90598pt x 469.52483pt.

Overfull \vbox (40.395pt too high) detected at line 184
 []

LaTeX Font Info:    Font shape `T1/phv/m/n' will be
(Font)              scaled to size 6.80005pt on input line 184.

Overfull \hbox (170.7147pt too wide) in paragraph at lines 184--184
[] 
 []


Overfull \hbox (3.46417pt too wide) in paragraph at lines 184--184
[][][][][][][] 
 []


Overfull \vbox (132.42108pt too high) detected at line 184
 []


Overfull \hbox (5.79492pt too wide) in paragraph at lines 184--184
$[]$|  $[]$ 
 []


Underfull \hbox (badness 10000) has occurred while \output is active
[]
 []


Underfull \hbox (badness 10000) has occurred while \output is active
[] 
 []

[1


{/Users/aaroncaldwell/Library/TinyTeX/texmf-var/fonts/map/pdftex/updmap/pdftex.
map} <./rise.png> <./OpenAccesslogo_bw.pdf> <./STORK_overlay_black.png>]
LaTeX Font Info:    Font shape `T1/phv/m/n' will be
(Font)              scaled to size 13.6001pt on input line 192.

Underfull \hbox (badness 1275) in paragraph at lines 317--329
\T1/ppl/m/n/9 re-ports to eval-u-ate against tra-di-tional pub-li-ca-tion for-m
ats. The adop-tion of reg-is-tered re-ports in
 []

LaTeX Font Info:    Font shape `T1/phv/b/n' will be
(Font)              scaled to size 7.65005pt on input line 329.

Overfull \vbox (21.4162pt too high) has occurred while \output is active []


[2]
LaTeX Font Info:    Font shape `T1/phv/m/n' will be
(Font)              scaled to size 11.90009pt on input line 348.

Underfull \hbox (badness 1418) in paragraph at lines 350--373
\T1/ppl/m/n/9 tu-to-ri-als/reports, opin-ions, com-men-taries, per-spec-tives, 
con-fer-ence pro-ceed-ings, nar-ra-tive re-views,
 []


Overfull \vbox (21.51176pt too high) has occurred while \output is active []


[3]
Overfull \vbox (21.4162pt too high) has occurred while \output is active []


[4]
LaTeX Font Info:    Font shape `T1/phv/m/n' will be
(Font)              scaled to size 10.20007pt on input line 537.

Overfull \vbox (21.51176pt too high) has occurred while \output is active []


[5]
<figure1.jpg, id=288, 5621.0pt x 6424.0pt>
File: figure1.jpg Graphic file (type jpg)
<use figure1.jpg>
Package pdftex.def Info: figure1.jpg  used on input line 605.
(pdftex.def)             Requested size: 376.42575pt x 430.1215pt.

Overfull \vbox (21.51176pt too high) has occurred while \output is active []


[6 <./figure1.jpg>]
Overfull \vbox (21.4162pt too high) has occurred while \output is active []


[7]
<figure2.jpg, id=305, 8030.0pt x 10037.5pt>
File: figure2.jpg Graphic file (type jpg)
<use figure2.jpg>
Package pdftex.def Info: figure2.jpg  used on input line 669.
(pdftex.def)             Requested size: 418.25368pt x 522.73413pt.

Overfull \vbox (21.51176pt too high) has occurred while \output is active []


[8 <./figure2.jpg>]
Overfull \vbox (21.51176pt too high) has occurred while \output is active []


[9]
<figure3.jpg, id=318, 9033.75pt x 11041.25pt>
File: figure3.jpg Graphic file (type jpg)
<use figure3.jpg>
Package pdftex.def Info: figure3.jpg  used on input line 697.
(pdftex.def)             Requested size: 418.25368pt x 511.15526pt.

Overfull \vbox (21.51176pt too high) has occurred while \output is active []


[10 <./figure3.jpg>]
Overfull \vbox (21.4162pt too high) has occurred while \output is active []


[11]
Overfull \vbox (21.4162pt too high) has occurred while \output is active []


[12]
Overfull \vbox (21.51176pt too high) has occurred while \output is active []


[13]
Overfull \vbox (21.4162pt too high) has occurred while \output is active []


[14]
LaTeX Font Info:    Trying to load font information for TS1+ppl on input line 1
111.

(/Users/aaroncaldwell/Library/TinyTeX/texmf-dist/tex/latex/psnfss/ts1ppl.fd
File: ts1ppl.fd 2001/06/04 font definitions for TS1/ppl.
)
Underfull \hbox (badness 6825) in paragraph at lines 1111--1114
[]\T1/ppl/m/n/9 Rosie Twomey: Con-cep-tu-al-iza-tion, Project ad-min-is-tra-tio
n, Method-ol-ogy, Data cu-ra-tion,
 []


Overfull \vbox (21.51176pt too high) has occurred while \output is active []


[15]
Underfull \hbox (badness 1546) in paragraph at lines 1216--1222
[][]\T1/ppl/m/n/9 Büttner, F., Toomey, E., Mc-Clean, S., Roe, M., & De-lahunt, 
E. (2020). Are ques-tion-able re-search
 []


Overfull \hbox (117.84222pt too wide) in paragraph at lines 1249--1252
[][]\T1/ppl/m/n/9 Clinical tri-als. (2021). In \T1/ppl/m/it/9 ICMJE\T1/ppl/m/n/
9 . [][]$\T1/pcr/m/n/9 http : / / www . icmje . org / recommendations / browse 
/ publishing-[]and-[]editorial-[]issues /
 []


Underfull \hbox (badness 1019) in paragraph at lines 1265--1269
\T1/ppl/m/n/9 analysis of sur-vey data. \T1/ppl/m/it/9 PloS One\T1/ppl/m/n/9 , 
\T1/ppl/m/it/9 4\T1/ppl/m/n/9 (5), e5738. [][]$\T1/pcr/m/n/9 https : / / doi . 
org / 10 . 1371 / journal . pone .
 []


Overfull \vbox (21.51176pt too high) has occurred while \output is active []


[16]
Underfull \hbox (badness 1939) in paragraph at lines 1281--1286
\T1/ppl/m/it/9 in Meth-ods and Prac-tices in Psy-cho-log-i-cal Sci-ence\T1/ppl/
m/n/9 , \T1/ppl/m/it/9 1\T1/ppl/m/n/9 (2), 198--218. [][]$\T1/pcr/m/n/9 https :
 / / doi . org / 10 . 1177 /
 []


Overfull \vbox (21.4162pt too high) has occurred while \output is active []


[17]
Underfull \hbox (badness 1360) in paragraph at lines 1437--1442
[][]\T1/ppl/m/n/9 Turner, B. O., Paul, E. J., Miller, M. B., & Bar-bey, A. K. (
2018). Small sam-ple sizes re-duce the
 []

Setting LastPage
Overfull \vbox (21.51176pt too high) has occurred while \output is active []


[18]

Package caption Warning: Unused \captionsetup[table] on input line 187.
See the caption package documentation for explanation.

(./Caldwell_Twomey_PRR.aux)
Package rerunfilecheck Info: File `Caldwell_Twomey_PRR.out' has not changed.
(rerunfilecheck)             Checksum: AA3419DC7801F0B804C0B65D96C93AC7;5758.
 ) 
Here is how much of TeX's memory you used:
 15319 strings out of 480331
 246347 string characters out of 5896373
 559674 words of memory out of 5000000
 32719 multiletter control sequences out of 15000+600000
 457020 words of font info for 104 fonts, out of 8000000 for 9000
 24 hyphenation exceptions out of 8191
 75i,12n,77p,608b,502s stack positions out of 5000i,500n,10000p,200000b,80000s
{/Users/aaroncaldwell/Library/TinyTeX/texmf-dist/fonts/enc/dvips/base/8r.enc}
</Users/aaroncaldwell/Library/TinyTeX/texmf-dist/fonts/type1/public/amsfonts/cm
/cmmi7.pfb></Users/aaroncaldwell/Library/TinyTeX/texmf-dist/fonts/type1/public/
amsfonts/cm/cmmi9.pfb></Users/aaroncaldwell/Library/TinyTeX/texmf-dist/fonts/ty
pe1/public/amsfonts/cm/cmr6.pfb></Users/aaroncaldwell/Library/TinyTeX/texmf-dis
t/fonts/type1/public/amsfonts/cm/cmr7.pfb></Users/aaroncaldwell/Library/TinyTeX
/texmf-dist/fonts/type1/public/amsfonts/cm/cmr9.pfb></Users/aaroncaldwell/Libra
ry/TinyTeX/texmf-dist/fonts/type1/public/amsfonts/cm/cmsy7.pfb></Users/aaroncal
dwell/Library/TinyTeX/texmf-dist/fonts/type1/public/amsfonts/cm/cmsy9.pfb></Use
rs/aaroncaldwell/Library/TinyTeX/texmf-dist/fonts/type1/urw/courier/ucrr8a.pfb>
</Users/aaroncaldwell/Library/TinyTeX/texmf-dist/fonts/type1/urw/helvetic/uhvb8
a.pfb></Users/aaroncaldwell/Library/TinyTeX/texmf-dist/fonts/type1/urw/helvetic
/uhvr8a.pfb></Users/aaroncaldwell/Library/TinyTeX/texmf-dist/fonts/type1/urw/he
lvetic/uhvro8a.pfb></Users/aaroncaldwell/Library/TinyTeX/texmf-dist/fonts/type1
/urw/palatino/uplr8a.pfb></Users/aaroncaldwell/Library/TinyTeX/texmf-dist/fonts
/type1/urw/palatino/uplri8a.pfb>
Output written on Caldwell_Twomey_PRR.pdf (18 pages, 17615813 bytes).
PDF statistics:
 597 PDF objects out of 1000 (max. 8388607)
 537 compressed objects within 6 object streams
 133 named destinations out of 1000 (max. 500000)
 287 words of extra memory for PDF output out of 10000 (max. 10000000)

