\BOOKMARK [1][-]{section.1}{\376\377\0001\000\040\000I\000n\000t\000r\000o\000d\000u\000c\000t\000i\000o\000n}{}% 1
\BOOKMARK [1][-]{section.2}{\376\377\0002\000\040\000M\000e\000t\000h\000o\000d\000s}{}% 2
\BOOKMARK [2][-]{subsection.2.1}{\376\377\000\050\000a\000\051\000\040\000S\000a\000m\000p\000l\000e}{section.2}% 3
\BOOKMARK [2][-]{subsection.2.2}{\376\377\000\050\000b\000\051\000\040\000D\000a\000t\000a\000\040\000E\000x\000t\000r\000a\000c\000t\000i\000o\000n}{section.2}% 4
\BOOKMARK [2][-]{subsection.2.3}{\376\377\000\050\000c\000\051\000\040\000M\000e\000a\000s\000u\000r\000e\000s\000\040\000a\000n\000d\000\040\000C\000o\000d\000i\000n\000g\000\040\000P\000r\000o\000c\000e\000d\000u\000r\000e}{section.2}% 5
\BOOKMARK [2][-]{subsection.2.4}{\376\377\000\050\000d\000\051\000\040\000S\000u\000p\000p\000o\000r\000t\000\040\000f\000o\000r\000\040\000a\000\040\000H\000y\000p\000o\000t\000h\000e\000s\000i\000s\000\040\000i\000n\000\040\000t\000h\000e\000\040\000K\000i\000n\000e\000s\000i\000o\000l\000o\000g\000y\000\040\000L\000i\000t\000e\000r\000a\000t\000u\000r\000e}{section.2}% 6
\BOOKMARK [2][-]{subsection.2.5}{\376\377\000\050\000e\000\051\000\040\000R\000e\000p\000l\000i\000c\000a\000t\000i\000o\000n\000\040\000S\000t\000a\000t\000u\000s}{section.2}% 7
\BOOKMARK [2][-]{subsection.2.6}{\376\377\000\050\000f\000\051\000\040\000S\000t\000a\000t\000i\000s\000t\000i\000c\000a\000l\000\040\000R\000e\000p\000o\000r\000t\000i\000n\000g}{section.2}% 8
\BOOKMARK [2][-]{subsection.2.7}{\376\377\000\050\000g\000\051\000\040\000O\000t\000h\000e\000r\000\040\000R\000e\000p\000o\000r\000t\000i\000n\000g\000\040\000P\000r\000a\000c\000t\000i\000c\000e\000s}{section.2}% 9
\BOOKMARK [2][-]{subsection.2.8}{\376\377\000\050\000h\000\051\000\040\000P\000i\000l\000o\000t\000\040\000T\000e\000s\000t\000i\000n\000g}{section.2}% 10
\BOOKMARK [2][-]{subsection.2.9}{\376\377\000\050\000i\000\051\000\040\000S\000t\000a\000t\000i\000s\000t\000i\000c\000a\000l\000\040\000A\000n\000a\000l\000y\000s\000i\000s}{section.2}% 11
\BOOKMARK [3][-]{subsubsection.2.9.1}{\376\377\000i\000\040\000C\000o\000n\000f\000i\000r\000m\000a\000t\000o\000r\000y\000\040\000A\000n\000a\000l\000y\000s\000e\000s}{subsection.2.9}% 12
\BOOKMARK [3][-]{subsubsection.2.9.2}{\376\377\000i\000i\000\040\000E\000x\000p\000l\000o\000r\000a\000t\000o\000r\000y\000\040\000A\000n\000a\000l\000y\000s\000e\000s}{subsection.2.9}% 13
\BOOKMARK [1][-]{section.3}{\376\377\0003\000\040\000R\000e\000s\000u\000l\000t\000s}{}% 14
\BOOKMARK [2][-]{subsection.3.1}{\376\377\000\050\000a\000\051\000\040\000C\000o\000n\000f\000i\000r\000m\000a\000t\000o\000r\000y\000\040\000R\000e\000s\000u\000l\000t\000s}{section.3}% 15
\BOOKMARK [2][-]{subsection.3.2}{\376\377\000\050\000b\000\051\000\040\000E\000x\000p\000l\000o\000r\000a\000t\000o\000r\000y\000\040\000R\000e\000s\000u\000l\000t\000s}{section.3}% 16
\BOOKMARK [3][-]{subsubsection.3.2.1}{\376\377\000i\000\040\000S\000t\000a\000t\000i\000s\000t\000i\000c\000s\000\040\000R\000e\000p\000o\000r\000t\000i\000n\000g}{subsection.3.2}% 17
\BOOKMARK [3][-]{subsubsection.3.2.2}{\376\377\000i\000i\000\040\000O\000t\000h\000e\000r\000\040\000I\000m\000p\000o\000r\000t\000a\000n\000t\000\040\000R\000e\000p\000o\000r\000t\000i\000n\000g\000\040\000P\000r\000a\000c\000t\000i\000c\000e\000s}{subsection.3.2}% 18
\BOOKMARK [3][-]{subsubsection.3.2.3}{\376\377\000i\000i\000i\000\040\000A\000n\000a\000l\000y\000s\000i\000s\000\040\000b\000y\000\040\000J\000o\000u\000r\000n\000a\000l}{subsection.3.2}% 19
\BOOKMARK [3][-]{subsubsection.3.2.4}{\376\377\000i\000v\000\040\000A\000n\000a\000l\000y\000s\000i\000s\000\040\000b\000y\000\040\000D\000i\000s\000c\000i\000p\000l\000i\000n\000e}{subsection.3.2}% 20
\BOOKMARK [3][-]{subsubsection.3.2.5}{\376\377\000v\000\040\000A\000n\000a\000l\000y\000s\000i\000s\000\040\000o\000f\000\040\000C\000l\000i\000n\000i\000c\000a\000l\000\040\000a\000n\000d\000\040\000R\000a\000n\000d\000o\000m\000i\000z\000e\000d\000\040\000C\000o\000n\000t\000r\000o\000l\000\040\000T\000r\000i\000a\000l\000s}{subsection.3.2}% 21
\BOOKMARK [1][-]{section.4}{\376\377\0004\000\040\000D\000i\000s\000c\000u\000s\000s\000i\000o\000n}{}% 22
\BOOKMARK [2][-]{subsection.4.1}{\376\377\000\050\000a\000\051\000\040\000L\000i\000m\000i\000t\000a\000t\000i\000o\000n\000s}{section.4}% 23
\BOOKMARK [2][-]{subsection.4.2}{\376\377\000\050\000b\000\051\000\040\000C\000o\000n\000c\000l\000u\000s\000i\000o\000n}{section.4}% 24
\BOOKMARK [1][-]{section.5}{\376\377\0005\000\040\000A\000d\000d\000i\000t\000i\000o\000n\000a\000l\000\040\000I\000n\000f\000o\000r\000m\000a\000t\000i\000o\000n}{}% 25
\BOOKMARK [2][-]{subsection.5.1}{\376\377\000\050\000a\000\051\000\040\000D\000a\000t\000a\000\040\000A\000c\000c\000e\000s\000s\000i\000b\000i\000l\000i\000t\000y}{section.5}% 26
\BOOKMARK [2][-]{subsection.5.2}{\376\377\000\050\000b\000\051\000\040\000A\000u\000t\000h\000o\000r\000\040\000C\000o\000n\000t\000r\000i\000b\000u\000t\000i\000o\000n\000s}{section.5}% 27
\BOOKMARK [2][-]{subsection.5.3}{\376\377\000\050\000c\000\051\000\040\000F\000u\000n\000d\000i\000n\000g}{section.5}% 28
\BOOKMARK [2][-]{subsection.5.4}{\376\377\000\050\000d\000\051\000\040\000A\000c\000k\000n\000o\000w\000l\000e\000d\000g\000m\000e\000n\000t\000s}{section.5}% 29
\BOOKMARK [2][-]{subsection.5.5}{\376\377\000\050\000e\000\051\000\040\000P\000r\000e\000r\000e\000g\000i\000s\000t\000r\000a\000t\000i\000o\000n}{section.5}% 30
\BOOKMARK [2][-]{subsection.5.6}{\376\377\000\050\000f\000\051\000\040\000C\000o\000n\000f\000l\000i\000c\000t\000s\000\040\000o\000f\000\040\000I\000n\000t\000e\000r\000e\000s\000t}{section.5}% 31
\BOOKMARK [1][-]{section.6}{\376\377\0006\000\040\000R\000e\000f\000e\000r\000e\000n\000c\000e\000s}{}% 32
