This is pdfTeX, Version 3.141592653-2.6-1.40.22 (TeX Live 2021) (preloaded format=pdflatex 2021.7.20)  20 JUL 2021 12:49
entering extended mode
 restricted \write18 enabled.
 %&-line parsing enabled.
**skeleton.tex
(./skeleton.tex
LaTeX2e <2021-06-01> patch level 1
L3 programming layer <2021-06-01> (./cik.cls
Document Class: cik 2005/12/01 v1.1 Standard LaTeX document class
(/Users/aaroncaldwell/Library/TinyTeX/texmf-dist/tex/latex/vruler/vruler.sty 2.
3 <24/10/96>
    VRULER version 2.3 Octorber 1996 By Z Jiang
    University of New England, Australia
    Email: zhuhan@neumann.une.edu.au
) (/Users/aaroncaldwell/Library/TinyTeX/texmf-dist/tex/latex/crop/crop.sty
Package: crop 2017/11/19 1.10 crop marks (mf)

(/Users/aaroncaldwell/Library/TinyTeX/texmf-dist/tex/generic/iftex/ifluatex.sty
Package: ifluatex 2019/10/25 v1.5 ifluatex legacy package. Use iftex instead.
(/Users/aaroncaldwell/Library/TinyTeX/texmf-dist/tex/generic/iftex/iftex.sty
Package: iftex 2020/03/06 v1.0d TeX engine tests
))
\stockwidth=\dimen143
\stockheight=\dimen144
\CROP@index=\count192
(/Users/aaroncaldwell/Library/TinyTeX/texmf-dist/tex/latex/graphics/color.sty
Package: color 2020/02/24 v1.2b Standard LaTeX Color (DPC)

(/Users/aaroncaldwell/Library/TinyTeX/texmf-dist/tex/latex/graphics-cfg/color.c
fg
File: color.cfg 2016/01/02 v1.6 sample color configuration
)
Package color Info: Driver file: pdftex.def on input line 149.

(/Users/aaroncaldwell/Library/TinyTeX/texmf-dist/tex/latex/graphics-def/pdftex.
def
File: pdftex.def 2020/10/05 v1.2a Graphics/color driver for pdftex
))
(/Users/aaroncaldwell/Library/TinyTeX/texmf-dist/tex/latex/graphics/graphics.st
y
Package: graphics 2021/03/04 v1.4d Standard LaTeX Graphics (DPC,SPQR)
(/Users/aaroncaldwell/Library/TinyTeX/texmf-dist/tex/latex/graphics/trig.sty
Package: trig 2016/01/03 v1.10 sin cos tan (DPC)
)
(/Users/aaroncaldwell/Library/TinyTeX/texmf-dist/tex/latex/graphics-cfg/graphic
s.cfg
File: graphics.cfg 2016/06/04 v1.11 sample graphics configuration
)
Package graphics Info: Driver file: pdftex.def on input line 107.
)
\CROP@offset=\count193
Package crop Info: Local config file crop.cfg used on input line 622.

(/Users/aaroncaldwell/Library/TinyTeX/texmf-dist/tex/xelatex/xetexconfig/crop.c
fg)) (/Users/aaroncaldwell/Library/TinyTeX/texmf-dist/tex/latex/amsmath/amsmath
.sty
Package: amsmath 2021/04/20 v2.17j AMS math features
\@mathmargin=\skip47
For additional information on amsmath, use the `?' option.
(/Users/aaroncaldwell/Library/TinyTeX/texmf-dist/tex/latex/amsmath/amstext.sty
Package: amstext 2000/06/29 v2.01 AMS text
(/Users/aaroncaldwell/Library/TinyTeX/texmf-dist/tex/latex/amsmath/amsgen.sty
File: amsgen.sty 1999/11/30 v2.0 generic functions
\@emptytoks=\toks33
\ex@=\dimen145
)) (/Users/aaroncaldwell/Library/TinyTeX/texmf-dist/tex/latex/amsmath/amsbsy.st
y
Package: amsbsy 1999/11/29 v1.2d Bold Symbols
\pmbraise@=\dimen146
) (/Users/aaroncaldwell/Library/TinyTeX/texmf-dist/tex/latex/amsmath/amsopn.sty
Package: amsopn 2016/03/08 v2.02 operator names
)
\inf@bad=\count194
LaTeX Info: Redefining \frac on input line 234.
\uproot@=\count195
\leftroot@=\count196
LaTeX Info: Redefining \overline on input line 399.
\classnum@=\count197
\DOTSCASE@=\count198
LaTeX Info: Redefining \ldots on input line 496.
LaTeX Info: Redefining \dots on input line 499.
LaTeX Info: Redefining \cdots on input line 620.
\Mathstrutbox@=\box56
\strutbox@=\box57
\big@size=\dimen147
LaTeX Font Info:    Redeclaring font encoding OML on input line 743.
LaTeX Font Info:    Redeclaring font encoding OMS on input line 744.
\macc@depth=\count199
\c@MaxMatrixCols=\count266
\dotsspace@=\muskip16
\c@parentequation=\count267
\dspbrk@lvl=\count268
\tag@help=\toks34
\row@=\count269
\column@=\count270
\maxfields@=\count271
\andhelp@=\toks35
\eqnshift@=\dimen148
\alignsep@=\dimen149
\tagshift@=\dimen150
\tagwidth@=\dimen151
\totwidth@=\dimen152
\lineht@=\dimen153
\@envbody=\toks36
\multlinegap=\skip48
\multlinetaggap=\skip49
\mathdisplay@stack=\toks37
LaTeX Info: Redefining \[ on input line 2923.
LaTeX Info: Redefining \] on input line 2924.
)
(/Users/aaroncaldwell/Library/TinyTeX/texmf-dist/tex/latex/amsfonts/amssymb.sty
Package: amssymb 2013/01/14 v3.01 AMS font symbols

(/Users/aaroncaldwell/Library/TinyTeX/texmf-dist/tex/latex/amsfonts/amsfonts.st
y
Package: amsfonts 2013/01/14 v3.01 Basic AMSFonts support
\symAMSa=\mathgroup4
\symAMSb=\mathgroup5
LaTeX Font Info:    Redeclaring math symbol \hbar on input line 98.
LaTeX Font Info:    Overwriting math alphabet `\mathfrak' in version `bold'
(Font)                  U/euf/m/n --> U/euf/b/n on input line 106.
)) (/Users/aaroncaldwell/Library/TinyTeX/texmf-dist/tex/latex/amscls/upref.sty
Package: upref 2007/03/14 v2.04
)
(/Users/aaroncaldwell/Library/TinyTeX/texmf-dist/tex/latex/endnotes/endnotes.st
y
Package: endnotes 2020-01-02 endnotes package
\c@endnote=\count272
\endnotesep=\dimen154
\@enotes=\write3
) (/Users/aaroncaldwell/Library/TinyTeX/texmf-dist/tex/latex/amscls/amsthm.sty
Package: amsthm 2020/05/29 v2.20.6
\thm@style=\toks38
\thm@bodyfont=\toks39
\thm@headfont=\toks40
\thm@notefont=\toks41
\thm@headpunct=\toks42
\thm@preskip=\skip50
\thm@postskip=\skip51
\thm@headsep=\skip52
\dth@everypar=\toks43
)
(/Users/aaroncaldwell/Library/TinyTeX/texmf-dist/tex/latex/marginnote/marginnot
e.sty
Package: marginnote 2018/08/09 v1.4b non floating margin notes for LaTeX
\c@mn@abspage=\count273
) (/Users/aaroncaldwell/Library/TinyTeX/texmf-dist/tex/generic/soul/soul.sty
Package: soul 2003/11/17 v2.4 letterspacing/underlining (mf)
\SOUL@word=\toks44
\SOUL@lasttoken=\toks45
\SOUL@cmds=\toks46
\SOUL@buffer=\toks47
\SOUL@token=\toks48
\SOUL@spaceskip=\skip53
\SOUL@ttwidth=\dimen155
\SOUL@uldp=\dimen156
\SOUL@ulht=\dimen157
)
(/Users/aaroncaldwell/Library/TinyTeX/texmf-dist/tex/latex/graphics/graphicx.st
y
Package: graphicx 2020/12/05 v1.2c Enhanced LaTeX Graphics (DPC,SPQR)
(/Users/aaroncaldwell/Library/TinyTeX/texmf-dist/tex/latex/graphics/keyval.sty
Package: keyval 2014/10/28 v1.15 key=value parser (DPC)
\KV@toks@=\toks49
)
\Gin@req@height=\dimen158
\Gin@req@width=\dimen159
)
(/Users/aaroncaldwell/Library/TinyTeX/texmf-dist/tex/latex/graphics/rotating.st
y
Package: rotating 2016/08/11 v2.16d rotated objects in LaTeX
(/Users/aaroncaldwell/Library/TinyTeX/texmf-dist/tex/latex/base/ifthen.sty
Package: ifthen 2020/11/24 v1.1c Standard LaTeX ifthen package (DPC)
)
\c@r@tfl@t=\count274
\rotFPtop=\skip54
\rotFPbot=\skip55
\rot@float@box=\box58
\rot@mess@toks=\toks50
) (/Users/aaroncaldwell/Library/TinyTeX/texmf-dist/tex/latex/tools/dcolumn.sty
Package: dcolumn 2014/10/28 v1.06 decimal alignment package (DPC)
(/Users/aaroncaldwell/Library/TinyTeX/texmf-dist/tex/latex/tools/array.sty
Package: array 2021/04/20 v2.5e Tabular extension package (FMi)
\col@sep=\dimen160
\ar@mcellbox=\box59
\extrarowheight=\dimen161
\NC@list=\toks51
\extratabsurround=\skip56
\backup@length=\skip57
\ar@cellbox=\box60
)) (/Users/aaroncaldwell/Library/TinyTeX/texmf-dist/tex/latex/base/fontenc.sty
Package: fontenc 2021/04/29 v2.0v Standard LaTeX package
) (/Users/aaroncaldwell/Library/TinyTeX/texmf-dist/tex/latex/psnfss/palatino.st
y
Package: palatino 2020/03/25 PSNFSS-v9.3 (SPQR) 
) (/Users/aaroncaldwell/Library/TinyTeX/texmf-dist/tex/latex/psnfss/helvet.sty
Package: helvet 2020/03/25 PSNFSS-v9.3 (WaS) 
)
(/Users/aaroncaldwell/Library/TinyTeX/texmf-dist/tex/latex/geometry/geometry.st
y
Package: geometry 2020/01/02 v5.9 Page Geometry
(/Users/aaroncaldwell/Library/TinyTeX/texmf-dist/tex/generic/iftex/ifvtex.sty
Package: ifvtex 2019/10/25 v1.7 ifvtex legacy package. Use iftex instead.
)
\Gm@cnth=\count275
\Gm@cntv=\count276
\c@Gm@tempcnt=\count277
\Gm@bindingoffset=\dimen162
\Gm@wd@mp=\dimen163
\Gm@odd@mp=\dimen164
\Gm@even@mp=\dimen165
\Gm@layoutwidth=\dimen166
\Gm@layoutheight=\dimen167
\Gm@layouthoffset=\dimen168
\Gm@layoutvoffset=\dimen169
\Gm@dimlist=\toks52
)
\catchlinewd=\dimen170
\dcht=\dimen171
\frametextht=\dimen172
\myrunhwidth=\skip58
LaTeX Font Info:    Trying to load font information for T1+phv on input line 48
0.
(/Users/aaroncaldwell/Library/TinyTeX/texmf-dist/tex/latex/psnfss/t1phv.fd
File: t1phv.fd 2020/03/25 scalable font definitions for T1/phv.
)
LaTeX Font Info:    Font shape `T1/phv/m/n' will be
(Font)              scaled to size 9.35007pt on input line 480.
\c@part=\count278
\c@section=\count279
\c@subsection=\count280
\c@subsubsection=\count281
\c@paragraph=\count282
\c@subparagraph=\count283
\c@figure=\count284
\c@scheme=\count285
\c@table=\count286
\abovecaptionskip=\skip59
\belowcaptionskip=\skip60
\leftnoteskip=\dimen173

(/Users/aaroncaldwell/Library/TinyTeX/texmf-dist/tex/latex/colortbl/colortbl.st
y
Package: colortbl 2020/01/04 v1.0e Color table columns (DPC)
\everycr=\toks53
\minrowclearance=\skip61
)
\bibindent=\dimen174
\absbox=\box61
\fmtextbox=\box62
\c@mythm=\count287
\rotdimen=\dimen175
\symEulerExtension=\mathgroup6
LaTeX Font Info:    Redeclaring math symbol \intop on input line 1465.
LaTeX Font Info:    Redeclaring math symbol \ointop on input line 1466.
\eqntext=\dimen176
(/Users/aaroncaldwell/Library/TinyTeX/texmf-dist/tex/latex/natbib/natbib.sty
Package: natbib 2010/09/13 8.31b (PWD, AO)
\bibhang=\skip62
\bibsep=\skip63
LaTeX Info: Redefining \cite on input line 694.
\c@NAT@ctr=\count288
)
(/Users/aaroncaldwell/Library/TinyTeX/texmf-dist/tex/latex/hyperref/hyperref.st
y
Package: hyperref 2021-06-07 v7.00m Hypertext links for LaTeX

(/Users/aaroncaldwell/Library/TinyTeX/texmf-dist/tex/generic/ltxcmds/ltxcmds.st
y
Package: ltxcmds 2020-05-10 v1.25 LaTeX kernel commands for general use (HO)
)
(/Users/aaroncaldwell/Library/TinyTeX/texmf-dist/tex/generic/pdftexcmds/pdftexc
mds.sty
Package: pdftexcmds 2020-06-27 v0.33 Utility functions of pdfTeX for LuaTeX (HO
)

(/Users/aaroncaldwell/Library/TinyTeX/texmf-dist/tex/generic/infwarerr/infwarer
r.sty
Package: infwarerr 2019/12/03 v1.5 Providing info/warning/error messages (HO)
)
Package pdftexcmds Info: \pdf@primitive is available.
Package pdftexcmds Info: \pdf@ifprimitive is available.
Package pdftexcmds Info: \pdfdraftmode found.
)
(/Users/aaroncaldwell/Library/TinyTeX/texmf-dist/tex/generic/kvsetkeys/kvsetkey
s.sty
Package: kvsetkeys 2019/12/15 v1.18 Key value parser (HO)
)
(/Users/aaroncaldwell/Library/TinyTeX/texmf-dist/tex/generic/kvdefinekeys/kvdef
inekeys.sty
Package: kvdefinekeys 2019-12-19 v1.6 Define keys (HO)
)
(/Users/aaroncaldwell/Library/TinyTeX/texmf-dist/tex/generic/pdfescape/pdfescap
e.sty
Package: pdfescape 2019/12/09 v1.15 Implements pdfTeX's escape features (HO)
) (/Users/aaroncaldwell/Library/TinyTeX/texmf-dist/tex/latex/hycolor/hycolor.st
y
Package: hycolor 2020-01-27 v1.10 Color options for hyperref/bookmark (HO)
)
(/Users/aaroncaldwell/Library/TinyTeX/texmf-dist/tex/latex/letltxmacro/letltxma
cro.sty
Package: letltxmacro 2019/12/03 v1.6 Let assignment for LaTeX macros (HO)
) (/Users/aaroncaldwell/Library/TinyTeX/texmf-dist/tex/latex/auxhook/auxhook.st
y
Package: auxhook 2019-12-17 v1.6 Hooks for auxiliary files (HO)
)
(/Users/aaroncaldwell/Library/TinyTeX/texmf-dist/tex/latex/kvoptions/kvoptions.
sty
Package: kvoptions 2020-10-07 v3.14 Key value format for package options (HO)
)
\@linkdim=\dimen177
\Hy@linkcounter=\count289
\Hy@pagecounter=\count290
(/Users/aaroncaldwell/Library/TinyTeX/texmf-dist/tex/latex/hyperref/pd1enc.def
File: pd1enc.def 2021-06-07 v7.00m Hyperref: PDFDocEncoding definition (HO)
Now handling font encoding PD1 ...
... no UTF-8 mapping file for font encoding PD1
)
(/Users/aaroncaldwell/Library/TinyTeX/texmf-dist/tex/latex/hyperref/hyperref-la
ngpatches.def
File: hyperref-langpatches.def 2021-06-07 v7.00m Hyperref: patches for babel la
nguages
)
(/Users/aaroncaldwell/Library/TinyTeX/texmf-dist/tex/generic/intcalc/intcalc.st
y
Package: intcalc 2019/12/15 v1.3 Expandable calculations with integers (HO)
)
(/Users/aaroncaldwell/Library/TinyTeX/texmf-dist/tex/generic/etexcmds/etexcmds.
sty
Package: etexcmds 2019/12/15 v1.7 Avoid name clashes with e-TeX commands (HO)
)
\Hy@SavedSpaceFactor=\count291
(/Users/aaroncaldwell/Library/TinyTeX/texmf-dist/tex/latex/hyperref/puenc.def
File: puenc.def 2021-06-07 v7.00m Hyperref: PDF Unicode definition (HO)
Now handling font encoding PU ...
... no UTF-8 mapping file for font encoding PU
)
Package hyperref Info: Option `bookmarksnumbered' set `true' on input line 4073
.
Package hyperref Info: Option `raiselinks' set `true' on input line 4073.
Package hyperref Info: Option `breaklinks' set `true' on input line 4073.
Package hyperref Info: Hyper figures OFF on input line 4192.
Package hyperref Info: Link nesting OFF on input line 4197.
Package hyperref Info: Hyper index ON on input line 4200.
Package hyperref Info: Plain pages OFF on input line 4207.
Package hyperref Info: Backreferencing OFF on input line 4212.
Package hyperref Info: Implicit mode ON; LaTeX internals redefined.
Package hyperref Info: Bookmarks ON on input line 4445.
\c@Hy@tempcnt=\count292
(/Users/aaroncaldwell/Library/TinyTeX/texmf-dist/tex/latex/url/url.sty
\Urlmuskip=\muskip17
Package: url 2013/09/16  ver 3.4  Verb mode for urls, etc.
)
LaTeX Info: Redefining \url on input line 4804.
\XeTeXLinkMargin=\dimen178
(/Users/aaroncaldwell/Library/TinyTeX/texmf-dist/tex/generic/bitset/bitset.sty
Package: bitset 2019/12/09 v1.3 Handle bit-vector datatype (HO)

(/Users/aaroncaldwell/Library/TinyTeX/texmf-dist/tex/generic/bigintcalc/bigintc
alc.sty
Package: bigintcalc 2019/12/15 v1.5 Expandable calculations on big integers (HO
)
))
\Fld@menulength=\count293
\Field@Width=\dimen179
\Fld@charsize=\dimen180
Package hyperref Info: Hyper figures OFF on input line 6076.
Package hyperref Info: Link nesting OFF on input line 6081.
Package hyperref Info: Hyper index ON on input line 6084.
Package hyperref Info: backreferencing OFF on input line 6091.
Package hyperref Info: Link coloring OFF on input line 6096.
Package hyperref Info: Link coloring with OCG OFF on input line 6101.
Package hyperref Info: PDF/A mode OFF on input line 6106.
LaTeX Info: Redefining \ref on input line 6146.
LaTeX Info: Redefining \pageref on input line 6150.

(/Users/aaroncaldwell/Library/TinyTeX/texmf-dist/tex/latex/base/atbegshi-ltx.st
y
Package: atbegshi-ltx 2021/01/10 v1.0c Emulation of the original atbegshi
package with kernel methods
)
\Hy@abspage=\count294
\c@Item=\count295
\c@Hfootnote=\count296
)
Package hyperref Info: Driver (autodetected): hpdftex.

(/Users/aaroncaldwell/Library/TinyTeX/texmf-dist/tex/latex/hyperref/hpdftex.def
File: hpdftex.def 2021-06-07 v7.00m Hyperref driver for pdfTeX

(/Users/aaroncaldwell/Library/TinyTeX/texmf-dist/tex/latex/base/atveryend-ltx.s
ty
Package: atveryend-ltx 2020/08/19 v1.0a Emulation of the original atvery packag
e
with kernel methods
)
\Fld@listcount=\count297
\c@bookmark@seq@number=\count298

(/Users/aaroncaldwell/Library/TinyTeX/texmf-dist/tex/latex/rerunfilecheck/rerun
filecheck.sty
Package: rerunfilecheck 2019/12/05 v1.9 Rerun checks for auxiliary files (HO)

(/Users/aaroncaldwell/Library/TinyTeX/texmf-dist/tex/generic/uniquecounter/uniq
uecounter.sty
Package: uniquecounter 2019/12/15 v1.4 Provide unlimited unique counter (HO)
)
Package uniquecounter Info: New unique counter `rerunfilecheck' on input line 2
86.
)
\Hy@SectionHShift=\skip64
)
Package hyperref Info: Option `colorlinks' set `true' on input line 1542.
) (/Users/aaroncaldwell/Library/TinyTeX/texmf-dist/tex/latex/base/fontenc.sty
Package: fontenc 2021/04/29 v2.0v Standard LaTeX package
LaTeX Font Info:    Trying to load font information for T1+ppl on input line 11
2.
(/Users/aaroncaldwell/Library/TinyTeX/texmf-dist/tex/latex/psnfss/t1ppl.fd
File: t1ppl.fd 2001/06/04 font definitions for T1/ppl.
)) (/Users/aaroncaldwell/Library/TinyTeX/texmf-dist/tex/latex/base/inputenc.sty
Package: inputenc 2021/02/14 v1.3d Input encoding file
\inpenc@prehook=\toks54
\inpenc@posthook=\toks55
)
\csllabelwidth=\skip65
\cslhangindent=\skip66
(/Users/aaroncaldwell/Library/TinyTeX/texmf-dist/tex/latex/tools/calc.sty
Package: calc 2017/05/25 v4.3 Infix arithmetic (KKT,FJ)
\calc@Acount=\count299
\calc@Bcount=\count300
\calc@Adimen=\dimen181
\calc@Bdimen=\dimen182
\calc@Askip=\skip67
\calc@Bskip=\skip68
LaTeX Info: Redefining \setlength on input line 80.
LaTeX Info: Redefining \addtolength on input line 81.
\calc@Ccount=\count301
\calc@Cskip=\skip69
) (/Users/aaroncaldwell/Library/TinyTeX/texmf-dist/tex/latex/caption/caption.st
y
Package: caption 2020/10/26 v3.5g Customizing captions (AR)

(/Users/aaroncaldwell/Library/TinyTeX/texmf-dist/tex/latex/caption/caption3.sty
Package: caption3 2020/10/21 v2.2e caption3 kernel (AR)
\captionmargin=\dimen183
\captionmargin@=\dimen184
\captionwidth=\dimen185
\caption@tempdima=\dimen186
\caption@indent=\dimen187
\caption@parindent=\dimen188
\caption@hangindent=\dimen189
Package caption Info: Unknown document class (or package),
(caption)             standard defaults will be used.
Package caption Info: \@makecaption = \long macro:#1#2->\vskip \abovecaptionski
p \sbox \@tempboxa {{\captionheadfont #1.}\hskip 2.5pt{\captionfont #2}}\ifdim 
\wd \@tempboxa <\hsize \global \@minipagefalse \hb@xt@ \hsize {\box \@tempboxa 
}\else \ifdim \wd \@tempboxa >1.99\hsize {{\captionheadfont #1.}\hskip 2.5pt {\
captionfont #2}\par } \else {{\captionheadfont #1.}\hskip 2.5pt {\captionfont #
2}\par } \fi \fi \vskip \belowcaptionskip  on input line 1139.
)

Package caption Warning: Unknown document class (or package),
(caption)                standard defaults will be used.
See the caption package documentation for explanation.

\c@caption@flags=\count302
\c@continuedfloat=\count303
Package caption Info: hyperref package is loaded.
Package caption Info: rotating package is loaded.
)
(/Users/aaroncaldwell/Library/TinyTeX/texmf-dist/tex/latex/booktabs/booktabs.st
y
Package: booktabs 2020/01/12 v1.61803398 Publication quality tables
\heavyrulewidth=\dimen190
\lightrulewidth=\dimen191
\cmidrulewidth=\dimen192
\belowrulesep=\dimen193
\belowbottomsep=\dimen194
\aboverulesep=\dimen195
\abovetopsep=\dimen196
\cmidrulesep=\dimen197
\cmidrulekern=\dimen198
\defaultaddspace=\dimen199
\@cmidla=\count304
\@cmidlb=\count305
\@aboverulesep=\dimen256
\@belowrulesep=\dimen257
\@thisruleclass=\count306
\@lastruleclass=\count307
\@thisrulewidth=\dimen258
) (/Users/aaroncaldwell/Library/TinyTeX/texmf-dist/tex/latex/tools/longtable.st
y
Package: longtable 2021-05-07 v4.16 Multi-page Table package (DPC)
\LTleft=\skip70
\LTright=\skip71
\LTpre=\skip72
\LTpost=\skip73
\LTchunksize=\count308
\LTcapwidth=\dimen259
\LT@head=\box63
\LT@firsthead=\box64
\LT@foot=\box65
\LT@lastfoot=\box66
\LT@gbox=\box67
\LT@cols=\count309
\LT@rows=\count310
\c@LT@tables=\count311
\c@LT@chunks=\count312
\LT@p@ftn=\toks56
)
(/Users/aaroncaldwell/Library/TinyTeX/texmf-dist/tex/latex/multirow/multirow.st
y
Package: multirow 2021/03/15 v2.8 Span multiple rows of a table
\multirow@colwidth=\skip74
\multirow@cntb=\count313
\multirow@dima=\skip75
\bigstrutjot=\dimen260
) (/Users/aaroncaldwell/Library/TinyTeX/texmf-dist/tex/latex/wrapfig/wrapfig.st
y
\wrapoverhang=\dimen261
\WF@size=\dimen262
\c@WF@wrappedlines=\count314
\WF@box=\box68
\WF@everypar=\toks57
Package: wrapfig 2003/01/31  v 3.6
) (/Users/aaroncaldwell/Library/TinyTeX/texmf-dist/tex/latex/float/float.sty
Package: float 2001/11/08 v1.3d Float enhancements (AL)
\c@float@type=\count315
\float@exts=\toks58
\float@box=\box69
\@float@everytoks=\toks59
\@floatcapt=\box70
)
(/Users/aaroncaldwell/Library/TinyTeX/texmf-dist/tex/latex/pdflscape/pdflscape.
sty
Package: pdflscape 2019/12/05 v0.12 Display of landscape pages in PDF (HO)
(/Users/aaroncaldwell/Library/TinyTeX/texmf-dist/tex/latex/graphics/lscape.sty
Package: lscape 2020/05/28 v3.02 Landscape Pages (DPC)
)
Package pdflscape Info: Auto-detected driver: pdftex on input line 81.
) (/Users/aaroncaldwell/Library/TinyTeX/texmf-dist/tex/latex/tabu/tabu.sty
Package: tabu 2019/01/11 v2.9 - flexible LaTeX tabulars (FC+tabu-fixed)

(/Users/aaroncaldwell/Library/TinyTeX/texmf-dist/tex/latex/varwidth/varwidth.st
y
Package: varwidth 2009/03/30 ver 0.92;  Variable-width minipages
\@vwid@box=\box71
\sift@deathcycles=\count316
\@vwid@loff=\dimen263
\@vwid@roff=\dimen264
)
\c@taburow=\count317
\tabu@nbcols=\count318
\tabu@cnt=\count319
\tabu@Xcol=\count320
\tabu@alloc=\count321
\tabu@nested=\count322
\tabu@target=\dimen265
\tabu@spreadtarget=\dimen266
\tabu@naturalX=\dimen267
\tabucolX=\dimen268
\tabu@Xsum=\dimen269
\extrarowdepth=\dimen270
\abovetabulinesep=\dimen271
\belowtabulinesep=\dimen272
\tabustrutrule=\dimen273
\tabu@thebody=\toks60
\tabu@footnotes=\toks61
\tabu@box=\box72
\tabu@arstrutbox=\box73
\tabu@hleads=\box74
\tabu@vleads=\box75
\tabu@cellskip=\skip76
)
(/Users/aaroncaldwell/Library/TinyTeX/texmf-dist/tex/latex/threeparttable/three
parttable.sty
Package: threeparttable 2003/06/13  v 3.0
\@tempboxb=\box76
)
(/Users/aaroncaldwell/Library/TinyTeX/texmf-dist/tex/latex/threeparttablex/thre
eparttablex.sty
Package: threeparttablex 2013/07/23 v0.3 by daleif
(/Users/aaroncaldwell/Library/TinyTeX/texmf-dist/tex/latex/environ/environ.sty
Package: environ 2014/05/04 v0.3 A new way to define environments

(/Users/aaroncaldwell/Library/TinyTeX/texmf-dist/tex/latex/trimspaces/trimspace
s.sty
Package: trimspaces 2009/09/17 v1.1 Trim spaces around a token list
))
\TPTL@width=\skip77
) (/Users/aaroncaldwell/Library/TinyTeX/texmf-dist/tex/generic/ulem/ulem.sty
\UL@box=\box77
\UL@hyphenbox=\box78
\UL@skip=\skip78
\UL@hook=\toks62
\UL@height=\dimen274
\UL@pe=\count323
\UL@pixel=\dimen275
\ULC@box=\box79
Package: ulem 2019/11/18
\ULdepth=\dimen276
)
(/Users/aaroncaldwell/Library/TinyTeX/texmf-dist/tex/latex/makecell/makecell.st
y
Package: makecell 2009/08/03 V0.1e Managing of Tab Column Heads and Cells
\rotheadsize=\dimen277
\c@nlinenum=\count324
\TeXr@lab=\toks63
) (/Users/aaroncaldwell/Library/TinyTeX/texmf-dist/tex/latex/xcolor/xcolor.sty
Package: xcolor 2016/05/11 v2.12 LaTeX color extensions (UK)

(/Users/aaroncaldwell/Library/TinyTeX/texmf-dist/tex/latex/graphics-cfg/color.c
fg
File: color.cfg 2016/01/02 v1.6 sample color configuration
)
Package xcolor Info: Driver file: pdftex.def on input line 225.
LaTeX Info: Redefining \color on input line 709.
Package xcolor Info: Model `cmy' substituted by `cmy0' on input line 1348.
Package xcolor Info: Model `hsb' substituted by `rgb' on input line 1352.
Package xcolor Info: Model `RGB' extended on input line 1364.
Package xcolor Info: Model `HTML' substituted by `rgb' on input line 1366.
Package xcolor Info: Model `Hsb' substituted by `hsb' on input line 1367.
Package xcolor Info: Model `tHsb' substituted by `hsb' on input line 1368.
Package xcolor Info: Model `HSB' substituted by `hsb' on input line 1369.
Package xcolor Info: Model `Gray' substituted by `gray' on input line 1370.
Package xcolor Info: Model `wave' substituted by `hsb' on input line 1371.
)
\c@theorem=\count325
\c@condition=\count326
\c@corollary=\count327

(/Users/aaroncaldwell/Library/TinyTeX/texmf-dist/tex/latex/l3backend/l3backend-
pdftex.def
File: l3backend-pdftex.def 2021-05-07 L3 backend support: PDF output (pdfTeX)
\l__color_backend_stack_int=\count328
\l__pdf_internal_box=\box80
) (./skeleton.aux)
\openout1 = `skeleton.aux'.

LaTeX Font Info:    Checking defaults for OML/cmm/m/it on input line 66.
LaTeX Font Info:    ... okay on input line 66.
LaTeX Font Info:    Checking defaults for OMS/cmsy/m/n on input line 66.
LaTeX Font Info:    ... okay on input line 66.
LaTeX Font Info:    Checking defaults for OT1/cmr/m/n on input line 66.
LaTeX Font Info:    ... okay on input line 66.
LaTeX Font Info:    Checking defaults for T1/cmr/m/n on input line 66.
LaTeX Font Info:    ... okay on input line 66.
LaTeX Font Info:    Checking defaults for TS1/cmr/m/n on input line 66.
LaTeX Font Info:    ... okay on input line 66.
LaTeX Font Info:    Checking defaults for OMX/cmex/m/n on input line 66.
LaTeX Font Info:    ... okay on input line 66.
LaTeX Font Info:    Checking defaults for U/cmr/m/n on input line 66.
LaTeX Font Info:    ... okay on input line 66.
LaTeX Font Info:    Checking defaults for PD1/pdf/m/n on input line 66.
LaTeX Font Info:    ... okay on input line 66.
LaTeX Font Info:    Checking defaults for PU/pdf/m/n on input line 66.
LaTeX Font Info:    ... okay on input line 66.

(/Users/aaroncaldwell/Library/TinyTeX/texmf-dist/tex/latex/epstopdf-pkg/epstopd
f-base.sty
Package: epstopdf-base 2020-01-24 v2.11 Base part for package epstopdf
Package epstopdf-base Info: Redefining graphics rule for `.eps' on input line 4
85.

(/Users/aaroncaldwell/Library/TinyTeX/texmf-dist/tex/latex/latexconfig/epstopdf
-sys.cfg
File: epstopdf-sys.cfg 2010/07/13 v1.3 Configuration of (r)epstopdf for TeX Liv
e
))
Package crop Info: requested driver: `' on input line 66.
Package crop Info: detected driver: `pdftex' on input line 66.
Package crop Info: using `pdftex' graphics driver on input line 66.
*geometry* driver: auto-detecting
*geometry* detected driver: pdftex
*geometry* verbose mode - [ preamble ] result:
* driver: pdftex
* paper: a4paper
* layout: <same size as paper>
* layoutoffset:(h,v)=(0.0pt,0.0pt)
* modes: includehead includefoot 
* h-part:(L,W,R)=(89.62709pt, 418.25368pt, 89.6271pt)
* v-part:(T,H,B)=(78.24507pt, 688.5567pt, 78.24507pt)
* \paperwidth=597.50787pt
* \paperheight=845.04684pt
* \textwidth=418.25368pt
* \textheight=681.5567pt
* \oddsidemargin=17.3571pt
* \evensidemargin=17.3571pt
* \topmargin=5.97508pt
* \headheight=7.0pt
* \headsep=-5.0pt
* \topskip=5.0pt
* \footskip=5.0pt
* \marginparwidth=50.39996pt
* \marginparsep=5.0pt
* \columnsep=10.0pt
* \skip\footins=9.0pt plus 4.0pt minus 2.0pt
* \hoffset=0.0pt
* \voffset=0.0pt
* \mag=1000
* \@twocolumnfalse
* \@twosidefalse
* \@mparswitchfalse
* \@reversemarginfalse
* (1in=72.27pt=25.4mm, 1cm=28.453pt)

Package hyperref Info: Link coloring ON on input line 66.

(/Users/aaroncaldwell/Library/TinyTeX/texmf-dist/tex/latex/hyperref/nameref.sty
Package: nameref 2021-04-02 v2.47 Cross-referencing by name of section

(/Users/aaroncaldwell/Library/TinyTeX/texmf-dist/tex/latex/refcount/refcount.st
y
Package: refcount 2019/12/15 v3.6 Data extraction from label references (HO)
)
(/Users/aaroncaldwell/Library/TinyTeX/texmf-dist/tex/generic/gettitlestring/get
titlestring.sty
Package: gettitlestring 2019/12/15 v1.6 Cleanup title references (HO)
)
\c@section@level=\count329
)
LaTeX Info: Redefining \ref on input line 66.
LaTeX Info: Redefining \pageref on input line 66.
LaTeX Info: Redefining \nameref on input line 66.
(./skeleton.out) (./skeleton.out)
\@outlinefile=\write4
\openout4 = `skeleton.out'.

Package caption Info: Begin \AtBeginDocument code.
Package caption Info: float package is loaded.
Package caption Info: longtable package is loaded.

(/Users/aaroncaldwell/Library/TinyTeX/texmf-dist/tex/latex/caption/ltcaption.st
y
Package: ltcaption 2020/05/30 v1.4b longtable captions (AR)
)
Package caption Info: threeparttable package is loaded.
Package caption Info: wrapfig package is loaded.
Package caption Info: End \AtBeginDocument code.
<CIK_title_blktxt.png, id=124, 271.0125pt x 90.3375pt>
File: CIK_title_blktxt.png Graphic file (type png)
<use CIK_title_blktxt.png>
Package pdftex.def Info: CIK_title_blktxt.png  used on input line 135.
(pdftex.def)             Requested size: 162.60875pt x 54.2029pt.

Overfull \hbox (14.2387pt too wide) in paragraph at lines 135--135
[][] 
 []

LaTeX Font Info:    Font shape `T1/phv/m/n' will be
(Font)              scaled to size 15.30011pt on input line 135.
LaTeX Font Info:    Font shape `T1/phv/b/n' will be
(Font)              scaled to size 8.50006pt on input line 135.
<OpenAccesslogo_bw.pdf, id=126, 20.075pt x 32.12pt>
File: OpenAccesslogo_bw.pdf Graphic file (type pdf)
<use OpenAccesslogo_bw.pdf>
Package pdftex.def Info: OpenAccesslogo_bw.pdf  used on input line 135.
(pdftex.def)             Requested size: 20.07494pt x 32.1199pt.

Underfull \hbox (badness 2894) in paragraph at lines 135--135
\T1/ppl/m/n/7 Open-ness, and Repli-ca-tion in Ki-ne-si-ol-ogy
 []


Underfull \hbox (badness 10000) in paragraph at lines 135--135
\T1/ppl/m/n/7 At-tri-bu-tion Li-cense[][], which per-mits
 []


Underfull \hbox (badness 10000) in paragraph at lines 135--135
\T1/ppl/m/n/7 un-re-stricted use, pro-vided the orig-i-nal
 []

LaTeX Font Info:    Font shape `T1/phv/m/n' will be
(Font)              scaled to size 8.50006pt on input line 135.
LaTeX Font Info:    Font shape `T1/phv/m/it' in size <10> not available
(Font)              Font shape `T1/phv/m/sl' tried instead on input line 135.
LaTeX Font Info:    Font shape `T1/phv/m/sl' will be
(Font)              scaled to size 8.50006pt on input line 135.
LaTeX Font Info:    Trying to load font information for U+msa on input line 135
.
(/Users/aaroncaldwell/Library/TinyTeX/texmf-dist/tex/latex/amsfonts/umsa.fd
File: umsa.fd 2013/01/14 v3.01 AMS symbols A
)
LaTeX Font Info:    Trying to load font information for U+msb on input line 135
.
(/Users/aaroncaldwell/Library/TinyTeX/texmf-dist/tex/latex/amsfonts/umsb.fd
File: umsb.fd 2013/01/14 v3.01 AMS symbols B
)
LaTeX Font Info:    Trying to load font information for U+euex on input line 13
5.
(/Users/aaroncaldwell/Library/TinyTeX/texmf-dist/tex/latex/amsfonts/ueuex.fd
File: ueuex.fd 2013/01/14 v3.01 Euler extra symbols
)
LaTeX Font Info:    Trying to load font information for T1+pcr on input line 13
5.
(/Users/aaroncaldwell/Library/TinyTeX/texmf-dist/tex/latex/psnfss/t1pcr.fd
File: t1pcr.fd 2001/06/04 font definitions for T1/pcr.
)
<STORK_overlay_black.png, id=129, 1188.69093pt x 1043.39813pt>
File: STORK_overlay_black.png Graphic file (type png)
<use STORK_overlay_black.png>
Package pdftex.def Info: STORK_overlay_black.png  used on input line 135.
(pdftex.def)             Requested size: 534.90598pt x 469.52483pt.
LaTeX Font Info:    Font shape `T1/phv/m/n' will be
(Font)              scaled to size 17.00012pt on input line 135.

Package xcolor Warning: Incompatible color definition on input line 135.


Package xcolor Warning: Incompatible color definition on input line 135.

LaTeX Font Info:    Calculating math sizes for size <11> on input line 135.

LaTeX Font Warning: Font shape `OT1/cmr/m/n' in size <5.5> not available
(Font)              size <5> substituted on input line 135.


LaTeX Font Warning: Font shape `OML/cmm/m/it' in size <5.5> not available
(Font)              size <5> substituted on input line 135.


LaTeX Font Warning: Font shape `OMS/cmsy/m/n' in size <5.5> not available
(Font)              size <5> substituted on input line 135.


Overfull \hbox (170.7147pt too wide) in paragraph at lines 135--135
[] 
 []


Package xcolor Warning: Incompatible color definition on input line 135.


Overfull \hbox (3.46417pt too wide) in paragraph at lines 135--135
[][][][][][][] 
 []


Overfull \hbox (5.79492pt too wide) in paragraph at lines 135--135
$[]$|  $[]$ 
 []


Underfull \hbox (badness 10000) has occurred while \output is active
[]
 []


Underfull \hbox (badness 10000) has occurred while \output is active
[] 
 []

[1


{/Users/aaroncaldwell/Library/TinyTeX/texmf-var/fonts/map/pdftex/updmap/pdftex.
map} <./CIK_title_blktxt.png> <./OpenAccesslogo_bw.pdf> <./STORK_overlay_black.
png>]
LaTeX Font Info:    Font shape `T1/phv/m/n' will be
(Font)              scaled to size 13.6001pt on input line 143.

Package xcolor Warning: Incompatible color definition on input line 143.

LaTeX Font Info:    Font shape `T1/phv/b/n' will be
(Font)              scaled to size 7.65005pt on input line 247.

Package xcolor Warning: Incompatible color definition on input line 247.


Overfull \vbox (21.4162pt too high) has occurred while \output is active []

[2]

Package xcolor Warning: Incompatible color definition on input line 249.

LaTeX Font Info:    Font shape `T1/phv/m/n' will be
(Font)              scaled to size 11.90009pt on input line 252.

Package xcolor Warning: Incompatible color definition on input line 252.


Underfull \hbox (badness 1418) in paragraph at lines 254--276
\T1/ppl/m/n/9 tu-to-ri-als/reports, opin-ions, com-men-taries, per-spec-tives, 
con-fer-ence pro-ceed-ings, nar-ra-tive re-views,
 []


Package xcolor Warning: Incompatible color definition on input line 278.


Package xcolor Warning: Incompatible color definition on input line 302.


Package xcolor Warning: Incompatible color definition on input line 318.


Package xcolor Warning: Incompatible color definition on input line 318.


Overfull \vbox (21.51176pt too high) has occurred while \output is active []

[3]

Package xcolor Warning: Incompatible color definition on input line 346.


Package xcolor Warning: Incompatible color definition on input line 356.


Package xcolor Warning: Incompatible color definition on input line 375.


Package xcolor Warning: Incompatible color definition on input line 388.


Underfull \hbox (badness 1163) in paragraph at lines 390--415
\T1/ppl/m/n/9 Fif-teen orig-i-nal re-search ar-ti-cles pub-lished in 2018, five
 from each of our three cho-sen jour-nals,
 []


Underfull \hbox (badness 1286) in paragraph at lines 390--415
\T1/pcr/m/n/9 a41116388e9244b7821bfb9fe5496bd2$[][]\T1/ppl/m/n/9 . Over-all, ou
r pi-lot work in-di-cated min-i-mally ac-cept-able
 []


Package xcolor Warning: Incompatible color definition on input line 415.


Overfull \vbox (21.4162pt too high) has occurred while \output is active []

[4]

Package xcolor Warning: Incompatible color definition on input line 417.


Package xcolor Warning: Incompatible color definition on input line 448.


Package xcolor Warning: Incompatible color definition on input line 451.

<figure1.png, id=178, 578.16pt x 433.62pt>
File: figure1.png Graphic file (type png)
<use figure1.png>
Package pdftex.def Info: figure1.png  used on input line 464.
(pdftex.def)             Requested size: 418.25368pt x 313.68826pt.

Package xcolor Warning: Incompatible color definition on input line 466.


Overfull \vbox (21.51176pt too high) has occurred while \output is active []

[5]

Package xcolor Warning: Incompatible color definition on input line 467.


Overfull \vbox (21.51176pt too high) has occurred while \output is active []

[6 <./figure1.png>]

Package xcolor Warning: Incompatible color definition on input line 470.

LaTeX Font Info:    Font shape `T1/phv/m/n' will be
(Font)              scaled to size 10.20007pt on input line 473.

Package xcolor Warning: Incompatible color definition on input line 473.


Package xcolor Warning: Incompatible color definition on input line 488.


Package xcolor Warning: Incompatible color definition on input line 503.

<figure2.png, id=195, 1084.05pt x 650.43pt>
File: figure2.png Graphic file (type png)
<use figure2.png>
Package pdftex.def Info: figure2.png  used on input line 506.
(pdftex.def)             Requested size: 418.25368pt x 250.9473pt.

Package xcolor Warning: Incompatible color definition on input line 510.


Package xcolor Warning: Incompatible color definition on input line 514.


Package xcolor Warning: Incompatible color definition on input line 517.


Package xcolor Warning: Incompatible color definition on input line 529.


Overfull \vbox (21.4162pt too high) has occurred while \output is active []

[7 <./figure2.png>]

Package xcolor Warning: Incompatible color definition on input line 565.


Package xcolor Warning: Incompatible color definition on input line 578.


Overfull \vbox (21.51176pt too high) has occurred while \output is active []

[8]

Package xcolor Warning: Incompatible color definition on input line 581.


Package xcolor Warning: Incompatible color definition on input line 584.


Underfull \hbox (badness 6775) in paragraph at lines 586--589
\T1/ppl/m/n/9 The au-thors agree to share the raw data, dig-i-tal study ma-te-r
i-als and anal-y-sis code. All
 []


Underfull \hbox (badness 2799) in paragraph at lines 586--589
\T1/ppl/m/n/9 study ma-te-ri-als can be found on our OSF repos-i-tory [][]$\T1/
pcr/m/n/9 https : / / osf . io / nwcx6 / ?view _ only =
 []


Package xcolor Warning: Incompatible color definition on input line 591.

LaTeX Font Info:    Trying to load font information for TS1+ppl on input line 5
96.
(/Users/aaroncaldwell/Library/TinyTeX/texmf-dist/tex/latex/psnfss/ts1ppl.fd
File: ts1ppl.fd 2001/06/04 font definitions for TS1/ppl.
)

Package xcolor Warning: Incompatible color definition on input line 608.


Package xcolor Warning: Incompatible color definition on input line 613.


Package xcolor Warning: Incompatible color definition on input line 620.


Package xcolor Warning: Incompatible color definition on input line 625.


Package xcolor Warning: Incompatible color definition on input line 632.


Package xcolor Warning: Incompatible color definition on input line 647.


Overfull \vbox (21.51176pt too high) has occurred while \output is active []

[9]

Package xcolor Warning: Incompatible color definition on input line 650.


Underfull \hbox (badness 1546) in paragraph at lines 690--696
[][]\T1/ppl/m/n/9 Büttner, F., Toomey, E., Mc-Clean, S., Roe, M., & De-lahunt, 
E. (2020). Are ques-tion-able re-search
 []


Underfull \hbox (badness 1019) in paragraph at lines 724--728
\T1/ppl/m/n/9 analysis of sur-vey data. \T1/ppl/m/it/9 PloS One\T1/ppl/m/n/9 , 
\T1/ppl/m/it/9 4\T1/ppl/m/n/9 (5), e5738. [][]$\T1/pcr/m/n/9 https : / / doi . 
org / 10 . 1371 / journal . pone .
 []


Package xcolor Warning: Incompatible color definition on input line 752.


Overfull \vbox (21.51176pt too high) has occurred while \output is active []

[10]
Underfull \hbox (badness 1360) in paragraph at lines 810--815
[][]\T1/ppl/m/n/9 Turner, B. O., Paul, E. J., Miller, M. B., & Bar-bey, A. K. (
2018). Small sam-ple sizes re-duce the
 []

Setting LastPage

Package xcolor Warning: Incompatible color definition on input line 834.


Overfull \vbox (21.4162pt too high) has occurred while \output is active []

[11]

Package caption Warning: Unused \captionsetup[table] on input line 138.
See the caption package documentation for explanation.

(./skeleton.aux)

LaTeX Font Warning: Size substitutions with differences
(Font)              up to 0.5pt have occurred.

Package rerunfilecheck Info: File `skeleton.out' has not changed.
(rerunfilecheck)             Checksum: 2ADABF16D7DC06A1C2D37848C11A1A14;5363.
 ) 
Here is how much of TeX's memory you used:
 14479 strings out of 480472
 216589 string characters out of 5897480
 549023 words of memory out of 5000000
 31775 multiletter control sequences out of 15000+600000
 452570 words of font info for 109 fonts, out of 8000000 for 9000
 24 hyphenation exceptions out of 8191
 75i,12n,80p,425b,464s stack positions out of 5000i,500n,10000p,200000b,80000s
{/Users/aaroncaldwell/Library/TinyTeX/texmf-dist/fonts/enc/dvips/base/8r.enc}
</Users/aaroncaldwell/Library/TinyTeX/texmf-dist/fonts/type1/public/amsfonts/cm
/cmmi9.pfb></Users/aaroncaldwell/Library/TinyTeX/texmf-dist/fonts/type1/public/
amsfonts/cm/cmr7.pfb></Users/aaroncaldwell/Library/TinyTeX/texmf-dist/fonts/typ
e1/public/amsfonts/cm/cmr8.pfb></Users/aaroncaldwell/Library/TinyTeX/texmf-dist
/fonts/type1/public/amsfonts/cm/cmr9.pfb></Users/aaroncaldwell/Library/TinyTeX/
texmf-dist/fonts/type1/public/amsfonts/cm/cmsy9.pfb></Users/aaroncaldwell/Libra
ry/TinyTeX/texmf-dist/fonts/type1/urw/courier/ucrr8a.pfb></Users/aaroncaldwell/
Library/TinyTeX/texmf-dist/fonts/type1/urw/helvetic/uhvb8a.pfb></Users/aaroncal
dwell/Library/TinyTeX/texmf-dist/fonts/type1/urw/helvetic/uhvr8a.pfb></Users/aa
roncaldwell/Library/TinyTeX/texmf-dist/fonts/type1/urw/helvetic/uhvro8a.pfb></U
sers/aaroncaldwell/Library/TinyTeX/texmf-dist/fonts/type1/urw/palatino/uplr8a.p
fb></Users/aaroncaldwell/Library/TinyTeX/texmf-dist/fonts/type1/urw/palatino/up
lri8a.pfb>
Output written on skeleton.pdf (11 pages, 771029 bytes).
PDF statistics:
 381 PDF objects out of 1000 (max. 8388607)
 333 compressed objects within 4 object streams
 102 named destinations out of 1000 (max. 500000)
 266 words of extra memory for PDF output out of 10000 (max. 10000000)

